Makefile:205: target '.obj' does not exist
mkdir -p .obj .obj/examples .obj/tests
Makefile:304: update target '.obj/quickjs.check.o' due to: quickjs.c
gcc -g -Wall -MMD -MF .obj/quickjs.check.o.d -Wno-array-bounds -Wno-format-truncation -fwrapv  -D_GNU_SOURCE -DCONFIG_VERSION=\"2024-01-13\" -DCONFIG_BIGNUM -DCONFIG_CHECK_JSVALUE -c -o .obj/quickjs.check.o quickjs.c
Makefile:304: update target '.obj/qjs.check.o' due to: qjs.c
gcc -g -Wall -MMD -MF .obj/qjs.check.o.d -Wno-array-bounds -Wno-format-truncation -fwrapv  -D_GNU_SOURCE -DCONFIG_VERSION=\"2024-01-13\" -DCONFIG_BIGNUM -DCONFIG_CHECK_JSVALUE -c -o .obj/qjs.check.o qjs.c
Makefile:283: update target '.obj/qjs.o' due to: qjs.c
gcc -g -Wall -MMD -MF .obj/qjs.o.d -Wno-array-bounds -Wno-format-truncation -fwrapv  -D_GNU_SOURCE -DCONFIG_VERSION=\"2024-01-13\" -DCONFIG_BIGNUM -O2 -c -o .obj/qjs.o qjs.c
Makefile:283: update target '.obj/qjsc.o' due to: qjsc.c
gcc -g -Wall -MMD -MF .obj/qjsc.o.d -Wno-array-bounds -Wno-format-truncation -fwrapv  -D_GNU_SOURCE -DCONFIG_VERSION=\"2024-01-13\" -DCONFIG_BIGNUM -DCONFIG_CC=\"gcc\" -DCONFIG_PREFIX=\"/usr/local\" -O2 -c -o .obj/qjsc.o qjsc.c
Makefile:283: update target '.obj/quickjs.o' due to: quickjs.c
gcc -g -Wall -MMD -MF .obj/quickjs.o.d -Wno-array-bounds -Wno-format-truncation -fwrapv  -D_GNU_SOURCE -DCONFIG_VERSION=\"2024-01-13\" -DCONFIG_BIGNUM -O2 -c -o .obj/quickjs.o quickjs.c
Makefile:283: update target '.obj/libregexp.o' due to: libregexp.c
gcc -g -Wall -MMD -MF .obj/libregexp.o.d -Wno-array-bounds -Wno-format-truncation -fwrapv  -D_GNU_SOURCE -DCONFIG_VERSION=\"2024-01-13\" -DCONFIG_BIGNUM -O2 -c -o .obj/libregexp.o libregexp.c
Makefile:283: update target '.obj/libunicode.o' due to: libunicode.c
gcc -g -Wall -MMD -MF .obj/libunicode.o.d -Wno-array-bounds -Wno-format-truncation -fwrapv  -D_GNU_SOURCE -DCONFIG_VERSION=\"2024-01-13\" -DCONFIG_BIGNUM -O2 -c -o .obj/libunicode.o libunicode.c
Makefile:283: update target '.obj/cutils.o' due to: cutils.c
gcc -g -Wall -MMD -MF .obj/cutils.o.d -Wno-array-bounds -Wno-format-truncation -fwrapv  -D_GNU_SOURCE -DCONFIG_VERSION=\"2024-01-13\" -DCONFIG_BIGNUM -O2 -c -o .obj/cutils.o cutils.c
Makefile:283: update target '.obj/quickjs-libc.o' due to: quickjs-libc.c
gcc -g -Wall -MMD -MF .obj/quickjs-libc.o.d -Wno-array-bounds -Wno-format-truncation -fwrapv  -D_GNU_SOURCE -DCONFIG_VERSION=\"2024-01-13\" -DCONFIG_BIGNUM -O2 -c -o .obj/quickjs-libc.o quickjs-libc.c
Makefile:283: update target '.obj/libbf.o' due to: libbf.c
gcc -g -Wall -MMD -MF .obj/libbf.o.d -Wno-array-bounds -Wno-format-truncation -fwrapv  -D_GNU_SOURCE -DCONFIG_VERSION=\"2024-01-13\" -DCONFIG_BIGNUM -O2 -c -o .obj/libbf.o libbf.c
Makefile:214: update target 'qjsc' due to: .obj/qjsc.o .obj/quickjs.o .obj/libregexp.o .obj/libunicode.o .obj/cutils.o .obj/quickjs-libc.o .obj/libbf.o
gcc -g -o qjsc .obj/qjsc.o .obj/quickjs.o .obj/libregexp.o .obj/libunicode.o .obj/cutils.o .obj/quickjs-libc.o .obj/libbf.o -lm -ldl -lpthread 
Makefile:258: update target 'repl.c' due to: qjsc repl.js
./qjsc -c -o repl.c -m repl.js
Makefile:283: update target '.obj/repl.o' due to: repl.c
gcc -g -Wall -MMD -MF .obj/repl.o.d -Wno-array-bounds -Wno-format-truncation -fwrapv  -D_GNU_SOURCE -DCONFIG_VERSION=\"2024-01-13\" -DCONFIG_BIGNUM -O2 -c -o .obj/repl.o repl.c
Makefile:261: update target 'qjscalc.c' due to: qjsc qjscalc.js
./qjsc -fbignum -c -o qjscalc.c qjscalc.js
Makefile:283: update target '.obj/qjscalc.o' due to: qjscalc.c
gcc -g -Wall -MMD -MF .obj/qjscalc.o.d -Wno-array-bounds -Wno-format-truncation -fwrapv  -D_GNU_SOURCE -DCONFIG_VERSION=\"2024-01-13\" -DCONFIG_BIGNUM -O2 -c -o .obj/qjscalc.o qjscalc.c
Makefile:208: update target 'qjs' due to: .obj/qjs.o .obj/repl.o .obj/quickjs.o .obj/libregexp.o .obj/libunicode.o .obj/cutils.o .obj/quickjs-libc.o .obj/libbf.o .obj/qjscalc.o
gcc -g -rdynamic -o qjs .obj/qjs.o .obj/repl.o .obj/quickjs.o .obj/libregexp.o .obj/libunicode.o .obj/cutils.o .obj/quickjs-libc.o .obj/libbf.o .obj/qjscalc.o -lm -ldl -lpthread 
Makefile:283: update target '.obj/run-test262.o' due to: run-test262.c
gcc -g -Wall -MMD -MF .obj/run-test262.o.d -Wno-array-bounds -Wno-format-truncation -fwrapv  -D_GNU_SOURCE -DCONFIG_VERSION=\"2024-01-13\" -DCONFIG_BIGNUM -O2 -c -o .obj/run-test262.o run-test262.c
Makefile:272: update target 'run-test262' due to: .obj/run-test262.o .obj/quickjs.o .obj/libregexp.o .obj/libunicode.o .obj/cutils.o .obj/quickjs-libc.o .obj/libbf.o
gcc -g -o run-test262 .obj/run-test262.o .obj/quickjs.o .obj/libregexp.o .obj/libunicode.o .obj/cutils.o .obj/quickjs-libc.o .obj/libbf.o -lm -ldl -lpthread 
Makefile:241: update target 'qjscalc' due to: qjs
ln -sf qjs qjscalc
Makefile:250: update target 'libquickjs.a' due to: .obj/quickjs.o .obj/libregexp.o .obj/libunicode.o .obj/cutils.o .obj/quickjs-libc.o .obj/libbf.o
ar rcs libquickjs.a .obj/quickjs.o .obj/libregexp.o .obj/libunicode.o .obj/cutils.o .obj/quickjs-libc.o .obj/libbf.o
Makefile:343: update target 'hello.c' due to: qjsc examples/hello.js
./qjsc -e -fno-string-normalize -fno-map -fno-promise -fno-typedarray -fno-typedarray -fno-regexp -fno-json -fno-eval -fno-proxy -fno-date -fno-module-loader -fno-bigint -o hello.c examples/hello.js
Makefile:283: update target '.obj/hello.o' due to: hello.c
gcc -g -Wall -MMD -MF .obj/hello.o.d -Wno-array-bounds -Wno-format-truncation -fwrapv  -D_GNU_SOURCE -DCONFIG_VERSION=\"2024-01-13\" -DCONFIG_BIGNUM -O2 -c -o .obj/hello.o hello.c
Makefile:350: update target 'examples/hello' due to: .obj/hello.o .obj/quickjs.o .obj/libregexp.o .obj/libunicode.o .obj/cutils.o .obj/quickjs-libc.o .obj/libbf.o
gcc -g -o examples/hello .obj/hello.o .obj/quickjs.o .obj/libregexp.o .obj/libunicode.o .obj/cutils.o .obj/quickjs-libc.o .obj/libbf.o -lm -ldl -lpthread 
Makefile:359: update target 'examples/hello_module' due to: qjsc libquickjs.a examples/hello_module.js
./qjsc -fno-string-normalize -fno-map -fno-promise -fno-typedarray -fno-typedarray -fno-regexp -fno-json -fno-eval -fno-proxy -fno-date -m -o examples/hello_module examples/hello_module.js
Makefile:364: update target 'test_fib.c' due to: qjsc examples/test_fib.js
./qjsc -e -M examples/fib.so,fib -m -o test_fib.c examples/test_fib.js
Makefile:283: update target '.obj/test_fib.o' due to: test_fib.c
gcc -g -Wall -MMD -MF .obj/test_fib.o.d -Wno-array-bounds -Wno-format-truncation -fwrapv  -D_GNU_SOURCE -DCONFIG_VERSION=\"2024-01-13\" -DCONFIG_BIGNUM -O2 -c -o .obj/test_fib.o test_fib.c
Makefile:283: update target '.obj/examples/fib.o' due to: examples/fib.c
gcc -g -Wall -MMD -MF .obj/fib.o.d -Wno-array-bounds -Wno-format-truncation -fwrapv  -D_GNU_SOURCE -DCONFIG_VERSION=\"2024-01-13\" -DCONFIG_BIGNUM -O2 -c -o .obj/examples/fib.o examples/fib.c
Makefile:367: update target 'examples/test_fib' due to: .obj/test_fib.o .obj/examples/fib.o libquickjs.a
gcc -g -o examples/test_fib .obj/test_fib.o .obj/examples/fib.o libquickjs.a -lm -ldl -lpthread 
Makefile:289: update target '.obj/examples/fib.pic.o' due to: examples/fib.c
gcc -g -Wall -MMD -MF .obj/fib.pic.o.d -Wno-array-bounds -Wno-format-truncation -fwrapv  -D_GNU_SOURCE -DCONFIG_VERSION=\"2024-01-13\" -DCONFIG_BIGNUM -O2 -fPIC -DJS_SHARED_LIBRARY -c -o .obj/examples/fib.pic.o examples/fib.c
Makefile:370: update target 'examples/fib.so' due to: .obj/examples/fib.pic.o
gcc -g -shared -o examples/fib.so .obj/examples/fib.pic.o
Makefile:289: update target '.obj/examples/point.pic.o' due to: examples/point.c
gcc -g -Wall -MMD -MF .obj/point.pic.o.d -Wno-array-bounds -Wno-format-truncation -fwrapv  -D_GNU_SOURCE -DCONFIG_VERSION=\"2024-01-13\" -DCONFIG_BIGNUM -O2 -fPIC -DJS_SHARED_LIBRARY -c -o .obj/examples/point.pic.o examples/point.c
Makefile:373: update target 'examples/point.so' due to: .obj/examples/point.pic.o
gcc -g -shared -o examples/point.so .obj/examples/point.pic.o
