spawn qemu-system-riscv64 -semihosting -M virt,aclint=on -cpu rv64 -smp 8 -bios none -kernel nuttx -nographic
ABCqemu_rv_kernel_mappings: map I/O regions
qemu_rv_kernel_mappings: map kernel text
qemu_rv_kernel_mappings: map kernel data
qemu_rv_kernel_mappings: connect the L1 and L2 page tables
qemu_rv_kernel_mappings: map the page pool
qemu_rv_mm_init: mmu_enable: satp=2149601280
mm_initialize: Heap: name=Kmem, start=0x80206c00 size=2069504
mm_addregion: [Kmem] Region 1: base=0x80206ea8 size=2068816
mm_malloc: Allocated 0x80206ed0, size 192
mm_malloc: Allocated 0x80206f90, size 48
mm_malloc: Allocated 0x80206fc0, size 288
mm_malloc: Allocated 0x802070e0, size 32
mm_malloc: Allocated 0x80207100, size 384
mm_malloc: Allocated 0x80207280, size 80
mm_malloc: Allocated 0x802072d0, size 240
mm_malloc: Allocated 0x802073c0, size 464
mm_malloc: Allocated 0x80207590, size 176
mm_malloc: Allocated 0x80207640, size 336
mm_malloc: Allocated 0x80207790, size 464
mm_malloc: Allocated 0x80207960, size 464
mm_malloc: Allocated 0x80207b30, size 528
elf_initialize: Registering ELF
mm_malloc: Allocated 0x80207d40, size 80
mm_malloc: Allocated 0x80207d90, size 80
mm_malloc: Allocated 0x80207de0, size 80
mm_malloc: Allocated 0x80207e30, size 80
mm_malloc: Allocated 0x80207e80, size 80
mm_malloc: Allocated 0x80207ed0, size 32
mm_malloc: Allocated 0x80207ef0, size 160
mm_malloc: Allocated 0x80207f90, size 32
mm_malloc: Allocated 0x80207fb0, size 32
mm_malloc: Allocated 0x80207fd0, size 32
mm_malloc: Allocated 0x80207ff0, size 368
mm_malloc: Allocated 0x80208160, size 288
mm_malloc: Allocated 0x80208280, size 32
mm_malloc: Allocated 0x802082a0, size 384
mm_malloc: Allocated 0x80208420, size 32
mm_malloc: Allocated 0x80208440, size 160
mm_malloc: Allocated 0x802084e0, size 18448
mm_malloc: Allocated 0x802084e0, size 32
mm_free: Freeing 0x802084e0
mm_malloc: Allocated 0x802084e0, size 80
mm_malloc: Allocated 0x80208530, size 272
mm_malloc: Allocated 0x80208640, size 32
mm_free: Freeing 0x80208640
mm_malloc: Allocated 0x80208640, size 112
load_absmodule: Loading /system/bin/init
elf_loadbinary: Loading file: /system/bin/init
elf_init: filename: /system/bin/init loadinfo: 0x802069b8
mm_malloc: Allocated 0x802086b0, size 32
elf_read: Read 64 bytes from offset 0
elf_dumploadinfo: LOAD_INFO:
elf_dumploadinfo:   textalloc:    00000000
elf_dumploadinfo:   dataalloc:    00000000
elf_dumploadinfo:   textsize:     0
elf_dumploadinfo:   datasize:     0
elf_dumploadinfo:   textalign:    0
elf_dumploadinfo:   dataalign:    0
elf_dumploadinfo:   filelen:      696832
elf_dumploadinfo:   symtabidx:    0
elf_dumploadinfo:   strtabidx:    0
elf_dumploadinfo: ELF Header:
elf_dumploadinfo:   e_ident:      7f 45 4c 46
elf_dumploadinfo:   e_type:       0002
elf_dumploadinfo:   e_machine:    00f3
elf_dumploadinfo:   e_version:    00000001
elf_dumploadinfo:   e_entry:      c000004a
elf_dumploadinfo:   e_phoff:      64
elf_dumploadinfo:   e_shoff:      694080
elf_dumploadinfo:   e_flags:      00000005
elf_dumploadinfo:   e_ehsize:     64
elf_dumploadinfo:   e_phentsize:  56
elf_dumploadinfo:   e_phnum:      2
elf_dumploadinfo:   e_shentsize:  64
elf_dumploadinfo:   e_shnum:      43
elf_dumploadinfo:   e_shstrndx:   42
elf_load: loadinfo: 0x802069b8
mm_malloc: Allocated 0x802086d0, size 128
elf_read: Read 112 bytes from offset 64
mm_malloc: Allocated 0x80208750, size 2768
elf_read: Read 2752 bytes from offset 694080
mm_malloc: Allocated 0x80209220, size 128
elf_loadfile: Loaded sections:
elf_read: Read 38534 bytes from offset 4096
elf_loadfile: 1. c0000000->c0000000
elf_read: Read 8187 bytes from offset 42632
elf_loadfile: 2. c0009688->c0009688
elf_read: Read 9 bytes from offset 50824
elf_loadfile: 3. c000b688->c000b688
elf_read: Read 40 bytes from offset 50840
elf_loadfile: 4. c000b698->c000b698
elf_read: Read 3 bytes from offset 50880
elf_loadfile: 5. c000b6c0->c000b6c0
elf_read: Read 2 bytes from offset 50888
elf_loadfile: 6. c000b6c8->c000b6c8
elf_read: Read 2 bytes from offset 50896
elf_loadfile: 7. c000b6d0->c000b6d0
elf_read: Read 6 bytes from offset 50904
elf_loadfile: 8. c000b6d8->c000b6d8
elf_read: Read 6 bytes from offset 50912
elf_loadfile: 9. c000b6e0->c000b6e0
elf_read: Read 4 bytes from offset 50920
elf_loadfile: 10. c000b6e8->c000b6e8
elf_read: Read 2 bytes from offset 50928
elf_loadfile: 11. c000b6f0->c000b6f0
elf_read: Read 3 bytes from offset 50936
elf_loadfile: 12. c000b6f8->c000b6f8
elf_read: Read 2 bytes from offset 50944
elf_loadfile: 13. c000b700->c000b700
elf_read: Read 4 bytes from offset 50952
elf_loadfile: 14. c000b708->c000b708
elf_read: Read 3 bytes from offset 50960
elf_loadfile: 15. c000b710->c000b710
elf_read: Read 2 bytes from offset 50968
elf_loadfile: 16. c000b718->c000b718
elf_read: Read 7 bytes from offset 50976
elf_loadfile: 17. c000b720->c000b720
elf_read: Read 4 bytes from offset 50984
elf_loadfile: 18. c000b728->c000b728
elf_read: Read 12 bytes from offset 50988
elf_loadfile: 19. c000b72c->c000b72c
elf_read: Read 7 bytes from offset 51000
elf_loadfile: 20. c000b738->c000b738
elf_read: Read 7 bytes from offset 51008
elf_loadfile: 21. c000b740->c000b740
elf_read: Read 7 bytes from offset 51016
elf_loadfile: 22. c000b748->c000b748
elf_read: Read 6 bytes from offset 51024
elf_loadfile: 23. c000b750->c000b750
elf_read: Read 8 bytes from offset 51032
elf_loadfile: 24. c000b758->c000b758
elf_read: Read 8 bytes from offset 51040
elf_loadfile: 25. c000b760->c000b760
elf_read: Read 40 bytes from offset 53248
elf_loadfile: 26. c0101000->c0101000
elf_read: Read 8 bytes from offset 53288
elf_loadfile: 27. c0101028->c0101028
elf_read: Read 1 bytes from offset 53296
elf_loadfile: 28. c0101030->c0101030
elf_loadfile: 29. c0101038->c0101038
elf_dumploadinfo: LOAD_INFO:
elf_dumploadinfo:   textalloc:    c0000000
elf_dumploadinfo:   dataalloc:    c0101000
elf_dumploadinfo:   textsize:     46952
elf_dumploadinfo:   datasize:     1412
elf_dumploadinfo:   textalign:    8
elf_dumploadinfo:   dataalign:    8
elf_dumploadinfo:   filelen:      696832
elf_dumploadinfo:   symtabidx:    0
elf_dumploadinfo:   strtabidx:    0
elf_dumploadinfo: ELF Header:
elf_dumploadinfo:   e_ident:      7f 45 4c 46
elf_dumploadinfo:   e_type:       0002
elf_dumploadinfo:   e_machine:    00f3
elf_dumploadinfo:   e_version:    00000001
elf_dumploadinfo:   e_entry:      c000004a
elf_dumploadinfo:   e_phoff:      64
elf_dumploadinfo:   e_shoff:      694080
elf_dumploadinfo:   e_flags:      00000005
elf_dumploadinfo:   e_ehsize:     64
elf_dumploadinfo:   e_phentsize:  56
elf_dumploadinfo:   e_phnum:      2
elf_dumploadinfo:   e_shentsize:  64
elf_dumploadinfo:   e_shnum:      43
elf_dumploadinfo:   e_shstrndx:   42
elf_dumploadinfo: Programs 0:
elf_dumploadinfo:   p_type:       00000001
elf_dumploadinfo:   p_offset:     00001000
elf_dumploadinfo:   p_vaddr:      c0000000
elf_dumploadinfo:   p_paddr:      c0000000
elf_dumploadinfo:   p_filesz:     0000b768
elf_dumploadinfo:   p_memsz:      0000b768
elf_dumploadinfo:   p_flags:      00000005
elf_dumploadinfo:   p_align:      00001000
elf_dumploadinfo: Programs 1:
elf_dumploadinfo:   p_type:       00000001
elf_dumploadinfo:   p_offset:     0000d000
elf_dumploadinfo:   p_vaddr:      c0101000
elf_dumploadinfo:   p_paddr:      c0101000
elf_dumploadinfo:   p_filesz:     00000031
elf_dumploadinfo:   p_memsz:      00000584
elf_dumploadinfo:   p_flags:      00000006
elf_dumploadinfo:   p_align:      00001000
elf_dumploadinfo: Sections 0:
elf_dumploadinfo:   sh_name:      00000000
elf_dumploadinfo:   sh_type:      00000000
elf_dumploadinfo:   sh_flags:     00000000
elf_dumploadinfo:   sh_addr:      00000000
elf_dumploadinfo:   sh_offset:    0
elf_dumploadinfo:   sh_size:      0
elf_dumploadinfo:   sh_link:      0
elf_dumploadinfo:   sh_info:      0
elf_dumploadinfo:   sh_addralign: 0
elf_dumploadinfo:   sh_entsize:   0
elf_dumploadinfo: Sections 1:
elf_dumploadinfo:   sh_name:      0000001b
elf_dumploadinfo:   sh_type:      00000001
elf_dumploadinfo:   sh_flags:     00000006
elf_dumploadinfo:   sh_addr:      c0000000
elf_dumploadinfo:   sh_offset:    4096
elf_dumploadinfo:   sh_size:      38534
elf_dumploadinfo:   sh_link:      0
elf_dumploadinfo:   sh_info:      0
elf_dumploadinfo:   sh_addralign: 2
elf_dumploadinfo:   sh_entsize:   0
elf_dumploadinfo: Sections 2:
elf_dumploadinfo:   sh_name:      00000021
elf_dumploadinfo:   sh_type:      00000001
elf_dumploadinfo:   sh_flags:     00000002
elf_dumploadinfo:   sh_addr:      c0009688
elf_dumploadinfo:   sh_offset:    42632
elf_dumploadinfo:   sh_size:      8187
elf_dumploadinfo:   sh_link:      0
elf_dumploadinfo:   sh_info:      0
elf_dumploadinfo:   sh_addralign: 8
elf_dumploadinfo:   sh_entsize:   0
elf_dumploadinfo: Sections 3:
elf_dumploadinfo:   sh_name:      00000029
elf_dumploadinfo:   sh_type:      00000001
elf_dumploadinfo:   sh_flags:     00000002
elf_dumploadinfo:   sh_addr:      c000b688
elf_dumploadinfo:   sh_offset:    50824
elf_dumploadinfo:   sh_size:      9
elf_dumploadinfo:   sh_link:      0
elf_dumploadinfo:   sh_info:      0
elf_dumploadinfo:   sh_addralign: 8
elf_dumploadinfo:   sh_entsize:   0
elf_dumploadinfo: Sections 4:
elf_dumploadinfo:   sh_name:      0000003f
elf_dumploadinfo:   sh_type:      00000001
elf_dumploadinfo:   sh_flags:     00000012
elf_dumploadinfo:   sh_addr:      c000b698
elf_dumploadinfo:   sh_offset:    50840
elf_dumploadinfo:   sh_size:      40
elf_dumploadinfo:   sh_link:      0
elf_dumploadinfo:   sh_info:      0
elf_dumploadinfo:   sh_addralign: 8
elf_dumploadinfo:   sh_entsize:   8
elf_dumploadinfo: Sections 5:
elf_dumploadinfo:   sh_name:      0000004d
elf_dumploadinfo:   sh_type:      00000001
elf_dumploadinfo:   sh_flags:     00000002
elf_dumploadinfo:   sh_addr:      c000b6c0
elf_dumploadinfo:   sh_offset:    50880
elf_dumploadinfo:   sh_size:      3
elf_dumploadinfo:   sh_link:      0
elf_dumploadinfo:   sh_info:      0
elf_dumploadinfo:   sh_addralign: 8
elf_dumploadinfo:   sh_entsize:   0
elf_dumploadinfo: Sections 6:
elf_dumploadinfo:   sh_name:      00000066
elf_dumploadinfo:   sh_type:      00000001
elf_dumploadinfo:   sh_flags:     00000002
elf_dumploadinfo:   sh_addr:      c000b6c8
elf_dumploadinfo:   sh_offset:    50888
elf_dumploadinfo:   sh_size:      2
elf_dumploadinfo:   sh_link:      0
elf_dumploadinfo:   sh_info:      0
elf_dumploadinfo:   sh_addralign: 8
elf_dumploadinfo:   sh_entsize:   0
elf_dumploadinfo: Sections 7:
elf_dumploadinfo:   sh_name:      0000007c
elf_dumploadinfo:   sh_type:      00000001
elf_dumploadinfo:   sh_flags:     00000002
elf_dumploadinfo:   sh_addr:      c000b6d0
elf_dumploadinfo:   sh_offset:    50896
elf_dumploadinfo:   sh_size:      2
elf_dumploadinfo:   sh_link:      0
elf_dumploadinfo:   sh_info:      0
elf_dumploadinfo:   sh_addralign: 8
elf_dumploadinfo:   sh_entsize:   0
elf_dumploadinfo: Sections 8:
elf_dumploadinfo:   sh_name:      0000008f
elf_dumploadinfo:   sh_type:      00000001
elf_dumploadinfo:   sh_flags:     00000002
elf_dumploadinfo:   sh_addr:      c000b6d8
elf_dumploadinfo:   sh_offset:    50904
elf_dumploadinfo:   sh_size:      6
elf_dumploadinfo:   sh_link:      0
elf_dumploadinfo:   sh_info:      0
elf_dumploadinfo:   sh_addralign: 8
elf_dumploadinfo:   sh_entsize:   0
elf_dumploadinfo: Sections 9:
elf_dumploadinfo:   sh_name:      000000a9
elf_dumploadinfo:   sh_type:      00000001
elf_dumploadinfo:   sh_flags:     00000002
elf_dumploadinfo:   sh_addr:      c000b6e0
elf_dumploadinfo:   sh_offset:    50912
elf_dumploadinfo:   sh_size:      6
elf_dumploadinfo:   sh_link:      0
elf_dumploadinfo:   sh_info:      0
elf_dumploadinfo:   sh_addralign: 8
elf_dumploadinfo:   sh_entsize:   0
elf_dumploadinfo: Sections 10:
elf_dumploadinfo:   sh_name:      000000be
elf_dumploadinfo:   sh_type:      00000001
elf_dumploadinfo:   sh_flags:     00000002
elf_dumploadinfo:   sh_addr:      c000b6e8
elf_dumploadinfo:   sh_offset:    50920
elf_dumploadinfo:   sh_size:      4
elf_dumploadinfo:   sh_link:      0
elf_dumploadinfo:   sh_info:      0
elf_dumploadinfo:   sh_addralign: 8
elf_dumploadinfo:   sh_entsize:   0
elf_dumploadinfo: Sections 11:
elf_dumploadinfo:   sh_name:      000000d9
elf_dumploadinfo:   sh_type:      00000001
elf_dumploadinfo:   sh_flags:     00000002
elf_dumploadinfo:   sh_addr:      c000b6f0
elf_dumploadinfo:   sh_offset:    50928
elf_dumploadinfo:   sh_size:      2
elf_dumploadinfo:   sh_link:      0
elf_dumploadinfo:   sh_info:      0
elf_dumploadinfo:   sh_addralign: 8
elf_dumploadinfo:   sh_entsize:   0
elf_dumploadinfo: Sections 12:
elf_dumploadinfo:   sh_name:      000000ee
elf_dumploadinfo:   sh_type:      00000001
elf_dumploadinfo:   sh_flags:     00000002
elf_dumploadinfo:   sh_addr:      c000b6f8
elf_dumploadinfo:   sh_offset:    50936
elf_dumploadinfo:   sh_size:      3
elf_dumploadinfo:   sh_link:      0
elf_dumploadinfo:   sh_info:      0
elf_dumploadinfo:   sh_addralign: 8
elf_dumploadinfo:   sh_entsize:   0
elf_dumploadinfo: Sections 13:
elf_dumploadinfo:   sh_name:      00000103
elf_dumploadinfo:   sh_type:      00000001
elf_dumploadinfo:   sh_flags:     00000002
elf_dumploadinfo:   sh_addr:      c000b700
elf_dumploadinfo:   sh_offset:    50944
elf_dumploadinfo:   sh_size:      2
elf_dumploadinfo:   sh_link:      0
elf_dumploadinfo:   sh_info:      0
elf_dumploadinfo:   sh_addralign: 8
elf_dumploadinfo:   sh_entsize:   0
elf_dumploadinfo: Sections 14:
elf_dumploadinfo:   sh_name:      00000116
elf_dumploadinfo:   sh_type:      00000001
elf_dumploadinfo:   sh_flags:     00000002
elf_dumploadinfo:   sh_addr:      c000b708
elf_dumploadinfo:   sh_offset:    50952
elf_dumploadinfo:   sh_size:      4
elf_dumploadinfo:   sh_link:      0
elf_dumploadinfo:   sh_info:      0
elf_dumploadinfo:   sh_addralign: 8
elf_dumploadinfo:   sh_entsize:   0
elf_dumploadinfo: Sections 15:
elf_dumploadinfo:   sh_name:      00000131
elf_dumploadinfo:   sh_type:      00000001
elf_dumploadinfo:   sh_flags:     00000002
elf_dumploadinfo:   sh_addr:      c000b710
elf_dumploadinfo:   sh_offset:    50960
elf_dumploadinfo:   sh_size:      3
elf_dumploadinfo:   sh_link:      0
elf_dumploadinfo:   sh_info:      0
elf_dumploadinfo:   sh_addralign: 8
elf_dumploadinfo:   sh_entsize:   0
elf_dumploadinfo: Sections 16:
elf_dumploadinfo:   sh_name:      00000147
elf_dumploadinfo:   sh_type:      00000001
elf_dumploadinfo:   sh_flags:     00000002
elf_dumploadinfo:   sh_addr:      c000b718
elf_dumploadinfo:   sh_offset:    50968
elf_dumploadinfo:   sh_size:      2
elf_dumploadinfo:   sh_link:      0
elf_dumploadinfo:   sh_info:      0
elf_dumploadinfo:   sh_addralign: 8
elf_dumploadinfo:   sh_entsize:   0
elf_dumploadinfo: Sections 17:
elf_dumploadinfo:   sh_name:      00000157
elf_dumploadinfo:   sh_type:      00000001
elf_dumploadinfo:   sh_flags:     00000002
elf_dumploadinfo:   sh_addr:      c000b720
elf_dumploadinfo:   sh_offset:    50976
elf_dumploadinfo:   sh_size:      7
elf_dumploadinfo:   sh_link:      0
elf_dumploadinfo:   sh_info:      0
elf_dumploadinfo:   sh_addralign: 8
elf_dumploadinfo:   sh_entsize:   0
elf_dumploadinfo: Sections 18:
elf_dumploadinfo:   sh_name:      00000169
elf_dumploadinfo:   sh_type:      00000001
elf_dumploadinfo:   sh_flags:     00000002
elf_dumploadinfo:   sh_addr:      c000b728
elf_dumploadinfo:   sh_offset:    50984
elf_dumploadinfo:   sh_size:      4
elf_dumploadinfo:   sh_link:      0
elf_dumploadinfo:   sh_info:      0
elf_dumploadinfo:   sh_addralign: 8
elf_dumploadinfo:   sh_entsize:   0
elf_dumploadinfo: Sections 19:
elf_dumploadinfo:   sh_name:      00000178
elf_dumploadinfo:   sh_type:      00000001
elf_dumploadinfo:   sh_flags:     00000012
elf_dumploadinfo:   sh_addr:      c000b72c
elf_dumploadinfo:   sh_offset:    50988
elf_dumploadinfo:   sh_size:      12
elf_dumploadinfo:   sh_link:      0
elf_dumploadinfo:   sh_info:      0
elf_dumploadinfo:   sh_addralign: 4
elf_dumploadinfo:   sh_entsize:   4
elf_dumploadinfo: Sections 20:
elf_dumploadinfo:   sh_name:      00000186
elf_dumploadinfo:   sh_type:      00000001
elf_dumploadinfo:   sh_flags:     00000002
elf_dumploadinfo:   sh_addr:      c000b738
elf_dumploadinfo:   sh_offset:    51000
elf_dumploadinfo:   sh_size:      7
elf_dumploadinfo:   sh_link:      0
elf_dumploadinfo:   sh_info:      0
elf_dumploadinfo:   sh_addralign: 8
elf_dumploadinfo:   sh_entsize:   0
elf_dumploadinfo: Sections 21:
elf_dumploadinfo:   sh_name:      00000197
elf_dumploadinfo:   sh_type:      00000001
elf_dumploadinfo:   sh_flags:     00000002
elf_dumploadinfo:   sh_addr:      c000b740
elf_dumploadinfo:   sh_offset:    51008
elf_dumploadinfo:   sh_size:      7
elf_dumploadinfo:   sh_link:      0
elf_dumploadinfo:   sh_info:      0
elf_dumploadinfo:   sh_addralign: 8
elf_dumploadinfo:   sh_entsize:   0
elf_dumploadinfo: Sections 22:
elf_dumploadinfo:   sh_name:      000001aa
elf_dumploadinfo:   sh_type:      00000001
elf_dumploadinfo:   sh_flags:     00000002
elf_dumploadinfo:   sh_addr:      c000b748
elf_dumploadinfo:   sh_offset:    51016
elf_dumploadinfo:   sh_size:      7
elf_dumploadinfo:   sh_link:      0
elf_dumploadinfo:   sh_info:      0
elf_dumploadinfo:   sh_addralign: 8
elf_dumploadinfo:   sh_entsize:   0
elf_dumploadinfo: Sections 23:
elf_dumploadinfo:   sh_name:      000001bb
elf_dumploadinfo:   sh_type:      00000001
elf_dumploadinfo:   sh_flags:     00000002
elf_dumploadinfo:   sh_addr:      c000b750
elf_dumploadinfo:   sh_offset:    51024
elf_dumploadinfo:   sh_size:      6
elf_dumploadinfo:   sh_link:      0
elf_dumploadinfo:   sh_info:      0
elf_dumploadinfo:   sh_addralign: 8
elf_dumploadinfo:   sh_entsize:   0
elf_dumploadinfo: Sections 24:
elf_dumploadinfo:   sh_name:      000001cb
elf_dumploadinfo:   sh_type:      00000001
elf_dumploadinfo:   sh_flags:     00000002
elf_dumploadinfo:   sh_addr:      c000b758
elf_dumploadinfo:   sh_offset:    51032
elf_dumploadinfo:   sh_size:      8
elf_dumploadinfo:   sh_link:      0
elf_dumploadinfo:   sh_info:      0
elf_dumploadinfo:   sh_addralign: 8
elf_dumploadinfo:   sh_entsize:   0
elf_dumploadinfo: Sections 25:
elf_dumploadinfo:   sh_name:      000001de
elf_dumploadinfo:   sh_type:      00000001
elf_dumploadinfo:   sh_flags:     00000002
elf_dumploadinfo:   sh_addr:      c000b760
elf_dumploadinfo:   sh_offset:    51040
elf_dumploadinfo:   sh_size:      8
elf_dumploadinfo:   sh_link:      0
elf_dumploadinfo:   sh_info:      0
elf_dumploadinfo:   sh_addralign: 8
elf_dumploadinfo:   sh_entsize:   0
elf_dumploadinfo: Sections 26:
elf_dumploadinfo:   sh_name:      000001f6
elf_dumploadinfo:   sh_type:      00000001
elf_dumploadinfo:   sh_flags:     00000003
elf_dumploadinfo:   sh_addr:      c0101000
elf_dumploadinfo:   sh_offset:    53248
elf_dumploadinfo:   sh_size:      40
elf_dumploadinfo:   sh_link:      0
elf_dumploadinfo:   sh_info:      0
elf_dumploadinfo:   sh_addralign: 8
elf_dumploadinfo:   sh_entsize:   0
elf_dumploadinfo: Sections 27:
elf_dumploadinfo:   sh_name:      000001fc
elf_dumploadinfo:   sh_type:      00000001
elf_dumploadinfo:   sh_flags:     00000003
elf_dumploadinfo:   sh_addr:      c0101028
elf_dumploadinfo:   sh_offset:    53288
elf_dumploadinfo:   sh_size:      8
elf_dumploadinfo:   sh_link:      0
elf_dumploadinfo:   sh_info:      0
elf_dumploadinfo:   sh_addralign: 8
elf_dumploadinfo:   sh_entsize:   0
elf_dumploadinfo: Sections 28:
elf_dumploadinfo:   sh_name:      00000210
elf_dumploadinfo:   sh_type:      00000001
elf_dumploadinfo:   sh_flags:     00000003
elf_dumploadinfo:   sh_addr:      c0101030
elf_dumploadinfo:   sh_offset:    53296
elf_dumploadinfo:   sh_size:      1
elf_dumploadinfo:   sh_link:      0
elf_dumploadinfo:   sh_info:      0
elf_dumploadinfo:   sh_addralign: 1
elf_dumploadinfo:   sh_entsize:   0
elf_dumploadinfo: Sections 29:
elf_dumploadinfo:   sh_name:      00000225
elf_dumploadinfo:   sh_type:      00000008
elf_dumploadinfo:   sh_flags:     00000003
elf_dumploadinfo:   sh_addr:      c0101038
elf_dumploadinfo:   sh_offset:    53297
elf_dumploadinfo:   sh_size:      1356
elf_dumploadinfo:   sh_link:      0
elf_dumploadinfo:   sh_info:      0
elf_dumploadinfo:   sh_addralign: 8
elf_dumploadinfo:   sh_entsize:   0
elf_dumploadinfo: Sections 30:
elf_dumploadinfo:   sh_name:      0000022a
elf_dumploadinfo:   sh_type:      00000001
elf_dumploadinfo:   sh_flags:     00000030
elf_dumploadinfo:   sh_addr:      00000000
elf_dumploadinfo:   sh_offset:    53297
elf_dumploadinfo:   sh_size:      48
elf_dumploadinfo:   sh_link:      0
elf_dumploadinfo:   sh_info:      0
elf_dumploadinfo:   sh_addralign: 1
elf_dumploadinfo:   sh_entsize:   1
elf_dumploadinfo: Sections 31:
elf_dumploadinfo:   sh_name:      00000233
elf_dumploadinfo:   sh_type:      70000003
elf_dumploadinfo:   sh_flags:     00000000
elf_dumploadinfo:   sh_addr:      00000000
elf_dumploadinfo:   sh_offset:    53345
elf_dumploadinfo:   sh_size:      53
elf_dumploadinfo:   sh_link:      0
elf_dumploadinfo:   sh_info:      0
elf_dumploadinfo:   sh_addralign: 1
elf_dumploadinfo:   sh_entsize:   0
elf_dumploadinfo: Sections 32:
elf_dumploadinfo:   sh_name:      00000245
elf_dumploadinfo:   sh_type:      00000001
elf_dumploadinfo:   sh_flags:     00000000
elf_dumploadinfo:   sh_addr:      00000000
elf_dumploadinfo:   sh_offset:    53398
elf_dumploadinfo:   sh_size:      61829
elf_dumploadinfo:   sh_link:      0
elf_dumploadinfo:   sh_info:      0
elf_dumploadinfo:   sh_addralign: 1
elf_dumploadinfo:   sh_entsize:   0
elf_dumploadinfo: Sections 33:
elf_dumploadinfo:   sh_name:      00000253
elf_dumploadinfo:   sh_type:      00000001
elf_dumploadinfo:   sh_flags:     00000000
elf_dumploadinfo:   sh_addr:      00000000
elf_dumploadinfo:   sh_offset:    115227
elf_dumploadinfo:   sh_size:      220881
elf_dumploadinfo:   sh_link:      0
elf_dumploadinfo:   sh_info:      0
elf_dumploadinfo:   sh_addralign: 1
elf_dumploadinfo:   sh_entsize:   0
elf_dumploadinfo: Sections 34:
elf_dumploadinfo:   sh_name:      0000025f
elf_dumploadinfo:   sh_type:      00000001
elf_dumploadinfo:   sh_flags:     00000000
elf_dumploadinfo:   sh_addr:      00000000
elf_dumploadinfo:   sh_offset:    336108
elf_dumploadinfo:   sh_size:      143788
elf_dumploadinfo:   sh_link:      0
elf_dumploadinfo:   sh_info:      0
elf_dumploadinfo:   sh_addralign: 1
elf_dumploadinfo:   sh_entsize:   0
elf_dumploadinfo: Sections 35:
elf_dumploadinfo:   sh_name:      0000026b
elf_dumploadinfo:   sh_type:      00000001
elf_dumploadinfo:   sh_flags:     00000000
elf_dumploadinfo:   sh_addr:      00000000
elf_dumploadinfo:   sh_offset:    479896
elf_dumploadinfo:   sh_size:      11248
elf_dumploadinfo:   sh_link:      0
elf_dumploadinfo:   sh_info:      0
elf_dumploadinfo:   sh_addralign: 1
elf_dumploadinfo:   sh_entsize:   0
elf_dumploadinfo: Sections 36:
elf_dumploadinfo:   sh_name:      0000027a
elf_dumploadinfo:   sh_type:      00000001
elf_dumploadinfo:   sh_flags:     00000000
elf_dumploadinfo:   sh_addr:      00000000
elf_dumploadinfo:   sh_offset:    491144
elf_dumploadinfo:   sh_size:      130268
elf_dumploadinfo:   sh_link:      0
elf_dumploadinfo:   sh_info:      0
elf_dumploadinfo:   sh_addralign: 1
elf_dumploadinfo:   sh_entsize:   0
elf_dumploadinfo: Sections 37:
elf_dumploadinfo:   sh_name:      00000285
elf_dumploadinfo:   sh_type:      00000001
elf_dumploadinfo:   sh_flags:     00000000
elf_dumploadinfo:   sh_addr:      00000000
elf_dumploadinfo:   sh_offset:    621412
elf_dumploadinfo:   sh_size:      14672
elf_dumploadinfo:   sh_link:      0
elf_dumploadinfo:   sh_info:      0
elf_dumploadinfo:   sh_addralign: 1
elf_dumploadinfo:   sh_entsize:   0
elf_dumploadinfo: Sections 38:
elf_dumploadinfo:   sh_name:      00000293
elf_dumploadinfo:   sh_type:      00000001
elf_dumploadinfo:   sh_flags:     00000030
elf_dumploadinfo:   sh_addr:      00000000
elf_dumploadinfo:   sh_offset:    636084
elf_dumploadinfo:   sh_size:      17387
elf_dumploadinfo:   sh_link:      0
elf_dumploadinfo:   sh_info:      0
elf_dumploadinfo:   sh_addralign: 1
elf_dumploadinfo:   sh_entsize:   1
elf_dumploadinfo: Sections 39:
elf_dumploadinfo:   sh_name:      0000029e
elf_dumploadinfo:   sh_type:      00000001
elf_dumploadinfo:   sh_flags:     00000000
elf_dumploadinfo:   sh_addr:      00000000
elf_dumploadinfo:   sh_offset:    653472
elf_dumploadinfo:   sh_size:      17168
elf_dumploadinfo:   sh_link:      0
elf_dumploadinfo:   sh_info:      0
elf_dumploadinfo:   sh_addralign: 8
elf_dumploadinfo:   sh_entsize:   0
elf_dumploadinfo: Sections 40:
elf_dumploadinfo:   sh_name:      00000001
elf_dumploadinfo:   sh_type:      00000002
elf_dumploadinfo:   sh_flags:     00000000
elf_dumploadinfo:   sh_addr:      00000000
elf_dumploadinfo:   sh_offset:    670640
elf_dumploadinfo:   sh_size:      15216
elf_dumploadinfo:   sh_link:      41
elf_dumploadinfo:   sh_info:      319
elf_dumploadinfo:   sh_addralign: 8
elf_dumploadinfo:   sh_entsize:   24
elf_dumploadinfo: Sections 41:
elf_dumploadinfo:   sh_name:      00000009
elf_dumploadinfo:   sh_type:      00000003
elf_dumploadinfo:   sh_flags:     00000000
elf_dumploadinfo:   sh_addr:      00000000
elf_dumploadinfo:   sh_offset:    685856
elf_dumploadinfo:   sh_size:      7540
elf_dumploadinfo:   sh_link:      0
elf_dumploadinfo:   sh_info:      0
elf_dumploadinfo:   sh_addralign: 1
elf_dumploadinfo:   sh_entsize:   0
elf_dumploadinfo: Sections 42:
elf_dumploadinfo:   sh_name:      00000011
elf_dumploadinfo:   sh_type:      00000003
elf_dumploadinfo:   sh_flags:     00000000
elf_dumploadinfo:   sh_addr:      00000000
elf_dumploadinfo:   sh_offset:    693396
elf_dumploadinfo:   sh_size:      683
elf_dumploadinfo:   sh_link:      0
elf_dumploadinfo:   sh_info:      0
elf_dumploadinfo:   sh_addralign: 1
elf_dumploadinfo:   sh_entsize:   0
mm_free: Freeing 0x802086d0
mm_free: Freeing 0x80208750
mm_free: Freeing 0x802086b0
load_absmodule: Successfully loaded module /system/bin/init
binfmt_dumpmodule: Module:
binfmt_dumpmodule:   entrypt:   0xc000004a
binfmt_dumpmodule:   mapped:    0 size=0
binfmt_dumpmodule:   alloc:     0 0 0
binfmt_dumpmodule:   addrenv:   0x80209220
binfmt_dumpmodule:   stacksize: 2048
binfmt_dumpmodule:   unload:    0
exec_module: Executing /system/bin/init
mm_malloc: Allocated 0x802086b0, size 368
binfmt_copyargv: args=0 argsize=0
binfmt_copyargv: args=2 argsize=23
mm_malloc: Allocated 0x80208820, size 64
exec_module: Initialize the user heap (heapsize=528384)
mm_initialize: Heap: name=(null), start=0xc0200000 size=528384
mm_addregion: [(null)] Region 1: base=0xc02002a8 size=527696
mm_malloc: Allocated 0x802092a0, size 3088
mm_malloc: Allocated 0x80209eb0, size 288
mm_malloc: Allocated 0x80209fd0, size 32
mm_malloc: Allocated 0xc02002d0, size 384
mm_malloc: Allocated 0xc0200450, size 32
mm_malloc: Allocated 0xc0200470, size 32
mm_malloc: Allocated 0xc0200490, size 32
mm_malloc: Allocated 0x80208860, size 32
mm_malloc: Allocated 0x80208880, size 160
mm_malloc: Allocated 0xc02004b0, size 19472
mm_free: Freeing 0x80208820
mm_free: Freeing 0x80207f90
mm_free: Freeing 0x80207fd0
mm_free: Freeing 0x80207fb0
mm_malloc: Allocated 0x80207f90, size 80
mm_malloc: Allocated 0xc02004b0, size 848

NuttShell (NSH) NuttX-12.4.0-RC0
nsh> [Kqjs -e console.log(123) 
mm_malloc: Allocated 0x80208920, size 112
mm_malloc: Allocated 0x80208820, size 48
mm_malloc: Allocated 0x80208990, size 32
load_absmodule: Loading /system/bin/qjs
elf_loadbinary: Loading file: /system/bin/qjs
elf_init: filename: /system/bin/qjs loadinfo: 0x80209a38
mm_malloc: Allocated 0x802089b0, size 32
elf_read: Read 64 bytes from offset 0
elf_dumploadinfo: LOAD_INFO:
elf_dumploadinfo:   textalloc:    00000000
elf_dumploadinfo:   dataalloc:    00000000
elf_dumploadinfo:   textsize:     0
elf_dumploadinfo:   datasize:     0
elf_dumploadinfo:   textalign:    0
elf_dumploadinfo:   dataalign:    0
elf_dumploadinfo:   filelen:      4183032
elf_dumploadinfo:   symtabidx:    0
elf_dumploadinfo:   strtabidx:    0
elf_dumploadinfo: ELF Header:
elf_dumploadinfo:   e_ident:      7f 45 4c 46
elf_dumploadinfo:   e_type:       0002
elf_dumploadinfo:   e_machine:    00f3
elf_dumploadinfo:   e_version:    00000001
elf_dumploadinfo:   e_entry:      c000339e
elf_dumploadinfo:   e_phoff:      64
elf_dumploadinfo:   e_shoff:      4180408
elf_dumploadinfo:   e_flags:      00000005
elf_dumploadinfo:   e_ehsize:     64
elf_dumploadinfo:   e_phentsize:  56
elf_dumploadinfo:   e_phnum:      2
elf_dumploadinfo:   e_shentsize:  64
elf_dumploadinfo:   e_shnum:      41
elf_dumploadinfo:   e_shstrndx:   40
elf_load: loadinfo: 0x80209a38
mm_malloc: Allocated 0x802089d0, size 128
elf_read: Read 112 bytes from offset 64
mm_malloc: Allocated 0x8020a810, size 2640
elf_read: Read 2624 bytes from offset 4180408
mm_malloc: Allocated 0x80208a50, size 128
elf_loadfile: Loaded sections:
elf_read: Read 372896 bytes from offset 4096
elf_loadfile: 1. c0000000->c0000000
elf_read: Read 119120 bytes from offset 376992
elf_loadfile: 2. c005b0a0->c005b0a0
elf_read: Read 488 bytes from offset 496112
elf_loadfile: 3. c00781f0->c00781f0
elf_read: Read 4 bytes from offset 496600
elf_loadfile: 4. c00783d8->c00783d8
elf_read: Read 4 bytes from offset 496608
elf_loadfile: 5. c00783e0->c00783e0
elf_read: Read 4 bytes from offset 496616
elf_loadfile: 6. c00783e8->c00783e8
elf_read: Read 8 bytes from offset 496624
elf_loadfile: 7. c00783f0->c00783f0
elf_read: Read 6 bytes from offset 496632
elf_loadfile: 8. c00783f8->c00783f8
elf_read: Read 6 bytes from offset 496640
elf_loadfile: 9. c0078400->c0078400
elf_read: Read 5 bytes from offset 496648
elf_loadfile: 10. c0078408->c0078408
elf_read: Read 4 bytes from offset 496656
elf_loadfile: 11. c0078410->c0078410
elf_read: Read 5 bytes from offset 496664
elf_loadfile: 12. c0078418->c0078418
elf_read: Read 4 bytes from offset 496672
elf_loadfile: 13. c0078420->c0078420
elf_read: Read 4 bytes from offset 496680
elf_loadfile: 14. c0078428->c0078428
elf_read: Read 4 bytes from offset 496688
elf_loadfile: 15. c0078430->c0078430
elf_read: Read 4 bytes from offset 496696
elf_loadfile: 16. c0078438->c0078438
elf_read: Read 5 bytes from offset 496704
elf_loadfile: 17. c0078440->c0078440
elf_read: Read 8 bytes from offset 496712
elf_loadfile: 18. c0078448->c0078448
elf_read: Read 7 bytes from offset 496720
elf_loadfile: 19. c0078450->c0078450
elf_read: Read 3 bytes from offset 496728
elf_loadfile: 20. c0078458->c0078458
elf_read: Read 6 bytes from offset 496736
elf_loadfile: 21. c0078460->c0078460
elf_read: Read 108 bytes from offset 496744
elf_loadfile: 22. c0078468->c0078468
elf_read: Read 248 bytes from offset 499712
elf_loadfile: 23. c0101000->c0101000
elf_read: Read 4 bytes from offset 499960
elf_loadfile: 24. c01010f8->c01010f8
elf_read: Read 8 bytes from offset 499968
elf_loadfile: 25. c0101100->c0101100
elf_read: Read 1 bytes from offset 499976
elf_loadfile: 26. c0101108->c0101108
elf_loadfile: 27. c0101110->c0101110
elf_dumploadinfo: LOAD_INFO:
elf_dumploadinfo:   textalloc:    c0000000
elf_dumploadinfo:   dataalloc:    c0101000
elf_dumploadinfo:   textsize:     492756
elf_dumploadinfo:   datasize:     648
elf_dumploadinfo:   textalign:    16
elf_dumploadinfo:   dataalign:    8
elf_dumploadinfo:   filelen:      4183032
elf_dumploadinfo:   symtabidx:    0
elf_dumploadinfo:   strtabidx:    0
elf_dumploadinfo: ELF Header:
elf_dumploadinfo:   e_ident:      7f 45 4c 46
elf_dumploadinfo:   e_type:       0002
elf_dumploadinfo:   e_machine:    00f3
elf_dumploadinfo:   e_version:    00000001
elf_dumploadinfo:   e_entry:      c000339e
elf_dumploadinfo:   e_phoff:      64
elf_dumploadinfo:   e_shoff:      4180408
elf_dumploadinfo:   e_flags:      00000005
elf_dumploadinfo:   e_ehsize:     64
elf_dumploadinfo:   e_phentsize:  56
elf_dumploadinfo:   e_phnum:      2
elf_dumploadinfo:   e_shentsize:  64
elf_dumploadinfo:   e_shnum:      41
elf_dumploadinfo:   e_shstrndx:   40
elf_dumploadinfo: Programs 0:
elf_dumploadinfo:   p_type:       00000001
elf_dumploadinfo:   p_offset:     00001000
elf_dumploadinfo:   p_vaddr:      c0000000
elf_dumploadinfo:   p_paddr:      c0000000
elf_dumploadinfo:   p_filesz:     000784d4
elf_dumploadinfo:   p_memsz:      000784d4
elf_dumploadinfo:   p_flags:      00000005
elf_dumploadinfo:   p_align:      00001000
elf_dumploadinfo: Programs 1:
elf_dumploadinfo:   p_type:       00000001
elf_dumploadinfo:   p_offset:     0007a000
elf_dumploadinfo:   p_vaddr:      c0101000
elf_dumploadinfo:   p_paddr:      c0101000
elf_dumploadinfo:   p_filesz:     00000109
elf_dumploadinfo:   p_memsz:      00000286
elf_dumploadinfo:   p_flags:      00000006
elf_dumploadinfo:   p_align:      00001000
elf_dumploadinfo: Sections 0:
elf_dumploadinfo:   sh_name:      00000000
elf_dumploadinfo:   sh_type:      00000000
elf_dumploadinfo:   sh_flags:     00000000
elf_dumploadinfo:   sh_addr:      00000000
elf_dumploadinfo:   sh_offset:    0
elf_dumploadinfo:   sh_size:      0
elf_dumploadinfo:   sh_link:      0
elf_dumploadinfo:   sh_info:      0
elf_dumploadinfo:   sh_addralign: 0
elf_dumploadinfo:   sh_entsize:   0
elf_dumploadinfo: Sections 1:
elf_dumploadinfo:   sh_name:      0000001b
elf_dumploadinfo:   sh_type:      00000001
elf_dumploadinfo:   sh_flags:     00000006
elf_dumploadinfo:   sh_addr:      c0000000
elf_dumploadinfo:   sh_offset:    4096
elf_dumploadinfo:   sh_size:      372896
elf_dumploadinfo:   sh_link:      0
elf_dumploadinfo:   sh_info:      0
elf_dumploadinfo:   sh_addralign: 2
elf_dumploadinfo:   sh_entsize:   0
elf_dumploadinfo: Sections 2:
elf_dumploadinfo:   sh_name:      00000021
elf_dumploadinfo:   sh_type:      00000001
elf_dumploadinfo:   sh_flags:     00000002
elf_dumploadinfo:   sh_addr:      c005b0a0
elf_dumploadinfo:   sh_offset:    376992
elf_dumploadinfo:   sh_size:      119120
elf_dumploadinfo:   sh_link:      0
elf_dumploadinfo:   sh_info:      0
elf_dumploadinfo:   sh_addralign: 16
elf_dumploadinfo:   sh_entsize:   0
elf_dumploadinfo: Sections 3:
elf_dumploadinfo:   sh_name:      00000029
elf_dumploadinfo:   sh_type:      00000001
elf_dumploadinfo:   sh_flags:     00000012
elf_dumploadinfo:   sh_addr:      c00781f0
elf_dumploadinfo:   sh_offset:    496112
elf_dumploadinfo:   sh_size:      488
elf_dumploadinfo:   sh_link:      0
elf_dumploadinfo:   sh_info:      0
elf_dumploadinfo:   sh_addralign: 8
elf_dumploadinfo:   sh_entsize:   8
elf_dumploadinfo: Sections 4:
elf_dumploadinfo:   sh_name:      00000037
elf_dumploadinfo:   sh_type:      00000001
elf_dumploadinfo:   sh_flags:     00000002
elf_dumploadinfo:   sh_addr:      c00783d8
elf_dumploadinfo:   sh_offset:    496600
elf_dumploadinfo:   sh_size:      4
elf_dumploadinfo:   sh_link:      0
elf_dumploadinfo:   sh_info:      0
elf_dumploadinfo:   sh_addralign: 4
elf_dumploadinfo:   sh_entsize:   0
elf_dumploadinfo: Sections 5:
elf_dumploadinfo:   sh_name:      0000004f
elf_dumploadinfo:   sh_type:      00000001
elf_dumploadinfo:   sh_flags:     00000002
elf_dumploadinfo:   sh_addr:      c00783e0
elf_dumploadinfo:   sh_offset:    496608
elf_dumploadinfo:   sh_size:      4
elf_dumploadinfo:   sh_link:      0
elf_dumploadinfo:   sh_info:      0
elf_dumploadinfo:   sh_addralign: 8
elf_dumploadinfo:   sh_entsize:   0
elf_dumploadinfo: Sections 6:
elf_dumploadinfo:   sh_name:      00000064
elf_dumploadinfo:   sh_type:      00000001
elf_dumploadinfo:   sh_flags:     00000002
elf_dumploadinfo:   sh_addr:      c00783e8
elf_dumploadinfo:   sh_offset:    496616
elf_dumploadinfo:   sh_size:      4
elf_dumploadinfo:   sh_link:      0
elf_dumploadinfo:   sh_info:      0
elf_dumploadinfo:   sh_addralign: 8
elf_dumploadinfo:   sh_entsize:   0
elf_dumploadinfo: Sections 7:
elf_dumploadinfo:   sh_name:      00000079
elf_dumploadinfo:   sh_type:      00000001
elf_dumploadinfo:   sh_flags:     00000002
elf_dumploadinfo:   sh_addr:      c00783f0
elf_dumploadinfo:   sh_offset:    496624
elf_dumploadinfo:   sh_size:      8
elf_dumploadinfo:   sh_link:      0
elf_dumploadinfo:   sh_info:      0
elf_dumploadinfo:   sh_addralign: 8
elf_dumploadinfo:   sh_entsize:   0
elf_dumploadinfo: Sections 8:
elf_dumploadinfo:   sh_name:      00000098
elf_dumploadinfo:   sh_type:      00000001
elf_dumploadinfo:   sh_flags:     00000002
elf_dumploadinfo:   sh_addr:      c00783f8
elf_dumploadinfo:   sh_offset:    496632
elf_dumploadinfo:   sh_size:      6
elf_dumploadinfo:   sh_link:      0
elf_dumploadinfo:   sh_info:      0
elf_dumploadinfo:   sh_addralign: 8
elf_dumploadinfo:   sh_entsize:   0
elf_dumploadinfo: Sections 9:
elf_dumploadinfo:   sh_name:      000000ba
elf_dumploadinfo:   sh_type:      00000001
elf_dumploadinfo:   sh_flags:     00000002
elf_dumploadinfo:   sh_addr:      c0078400
elf_dumploadinfo:   sh_offset:    496640
elf_dumploadinfo:   sh_size:      6
elf_dumploadinfo:   sh_link:      0
elf_dumploadinfo:   sh_info:      0
elf_dumploadinfo:   sh_addralign: 8
elf_dumploadinfo:   sh_entsize:   0
elf_dumploadinfo: Sections 10:
elf_dumploadinfo:   sh_name:      000000d0
elf_dumploadinfo:   sh_type:      00000001
elf_dumploadinfo:   sh_flags:     00000002
elf_dumploadinfo:   sh_addr:      c0078408
elf_dumploadinfo:   sh_offset:    496648
elf_dumploadinfo:   sh_size:      5
elf_dumploadinfo:   sh_link:      0
elf_dumploadinfo:   sh_info:      0
elf_dumploadinfo:   sh_addralign: 8
elf_dumploadinfo:   sh_entsize:   0
elf_dumploadinfo: Sections 11:
elf_dumploadinfo:   sh_name:      000000fc
elf_dumploadinfo:   sh_type:      00000001
elf_dumploadinfo:   sh_flags:     00000002
elf_dumploadinfo:   sh_addr:      c0078410
elf_dumploadinfo:   sh_offset:    496656
elf_dumploadinfo:   sh_size:      4
elf_dumploadinfo:   sh_link:      0
elf_dumploadinfo:   sh_info:      0
elf_dumploadinfo:   sh_addralign: 8
elf_dumploadinfo:   sh_entsize:   0
elf_dumploadinfo: Sections 12:
elf_dumploadinfo:   sh_name:      00000127
elf_dumploadinfo:   sh_type:      00000001
elf_dumploadinfo:   sh_flags:     00000002
elf_dumploadinfo:   sh_addr:      c0078418
elf_dumploadinfo:   sh_offset:    496664
elf_dumploadinfo:   sh_size:      5
elf_dumploadinfo:   sh_link:      0
elf_dumploadinfo:   sh_info:      0
elf_dumploadinfo:   sh_addralign: 8
elf_dumploadinfo:   sh_entsize:   0
elf_dumploadinfo: Sections 13:
elf_dumploadinfo:   sh_name:      00000157
elf_dumploadinfo:   sh_type:      00000001
elf_dumploadinfo:   sh_flags:     00000002
elf_dumploadinfo:   sh_addr:      c0078420
elf_dumploadinfo:   sh_offset:    496672
elf_dumploadinfo:   sh_size:      4
elf_dumploadinfo:   sh_link:      0
elf_dumploadinfo:   sh_info:      0
elf_dumploadinfo:   sh_addralign: 8
elf_dumploadinfo:   sh_entsize:   0
elf_dumploadinfo: Sections 14:
elf_dumploadinfo:   sh_name:      00000188
elf_dumploadinfo:   sh_type:      00000001
elf_dumploadinfo:   sh_flags:     00000002
elf_dumploadinfo:   sh_addr:      c0078428
elf_dumploadinfo:   sh_offset:    496680
elf_dumploadinfo:   sh_size:      4
elf_dumploadinfo:   sh_link:      0
elf_dumploadinfo:   sh_info:      0
elf_dumploadinfo:   sh_addralign: 8
elf_dumploadinfo:   sh_entsize:   0
elf_dumploadinfo: Sections 15:
elf_dumploadinfo:   sh_name:      000001b1
elf_dumploadinfo:   sh_type:      00000001
elf_dumploadinfo:   sh_flags:     00000002
elf_dumploadinfo:   sh_addr:      c0078430
elf_dumploadinfo:   sh_offset:    496688
elf_dumploadinfo:   sh_size:      4
elf_dumploadinfo:   sh_link:      0
elf_dumploadinfo:   sh_info:      0
elf_dumploadinfo:   sh_addralign: 8
elf_dumploadinfo:   sh_entsize:   0
elf_dumploadinfo: Sections 16:
elf_dumploadinfo:   sh_name:      000001e0
elf_dumploadinfo:   sh_type:      00000001
elf_dumploadinfo:   sh_flags:     00000002
elf_dumploadinfo:   sh_addr:      c0078438
elf_dumploadinfo:   sh_offset:    496696
elf_dumploadinfo:   sh_size:      4
elf_dumploadinfo:   sh_link:      0
elf_dumploadinfo:   sh_info:      0
elf_dumploadinfo:   sh_addralign: 8
elf_dumploadinfo:   sh_entsize:   0
elf_dumploadinfo: Sections 17:
elf_dumploadinfo:   sh_name:      000001ff
elf_dumploadinfo:   sh_type:      00000001
elf_dumploadinfo:   sh_flags:     00000002
elf_dumploadinfo:   sh_addr:      c0078440
elf_dumploadinfo:   sh_offset:    496704
elf_dumploadinfo:   sh_size:      5
elf_dumploadinfo:   sh_link:      0
elf_dumploadinfo:   sh_info:      0
elf_dumploadinfo:   sh_addralign: 8
elf_dumploadinfo:   sh_entsize:   0
elf_dumploadinfo: Sections 18:
elf_dumploadinfo:   sh_name:      0000021d
elf_dumploadinfo:   sh_type:      00000001
elf_dumploadinfo:   sh_flags:     00000002
elf_dumploadinfo:   sh_addr:      c0078448
elf_dumploadinfo:   sh_offset:    496712
elf_dumploadinfo:   sh_size:      8
elf_dumploadinfo:   sh_link:      0
elf_dumploadinfo:   sh_info:      0
elf_dumploadinfo:   sh_addralign: 8
elf_dumploadinfo:   sh_entsize:   0
elf_dumploadinfo: Sections 19:
elf_dumploadinfo:   sh_name:      00000235
elf_dumploadinfo:   sh_type:      00000001
elf_dumploadinfo:   sh_flags:     00000002
elf_dumploadinfo:   sh_addr:      c0078450
elf_dumploadinfo:   sh_offset:    496720
elf_dumploadinfo:   sh_size:      7
elf_dumploadinfo:   sh_link:      0
elf_dumploadinfo:   sh_info:      0
elf_dumploadinfo:   sh_addralign: 8
elf_dumploadinfo:   sh_entsize:   0
elf_dumploadinfo: Sections 20:
elf_dumploadinfo:   sh_name:      0000024b
elf_dumploadinfo:   sh_type:      00000001
elf_dumploadinfo:   sh_flags:     00000002
elf_dumploadinfo:   sh_addr:      c0078458
elf_dumploadinfo:   sh_offset:    496728
elf_dumploadinfo:   sh_size:      3
elf_dumploadinfo:   sh_link:      0
elf_dumploadinfo:   sh_info:      0
elf_dumploadinfo:   sh_addralign: 8
elf_dumploadinfo:   sh_entsize:   0
elf_dumploadinfo: Sections 21:
elf_dumploadinfo:   sh_name:      0000025e
elf_dumploadinfo:   sh_type:      00000001
elf_dumploadinfo:   sh_flags:     00000002
elf_dumploadinfo:   sh_addr:      c0078460
elf_dumploadinfo:   sh_offset:    496736
elf_dumploadinfo:   sh_size:      6
elf_dumploadinfo:   sh_link:      0
elf_dumploadinfo:   sh_info:      0
elf_dumploadinfo:   sh_addralign: 8
elf_dumploadinfo:   sh_entsize:   0
elf_dumploadinfo: Sections 22:
elf_dumploadinfo:   sh_name:      00000271
elf_dumploadinfo:   sh_type:      00000001
elf_dumploadinfo:   sh_flags:     00000002
elf_dumploadinfo:   sh_addr:      c0078468
elf_dumploadinfo:   sh_offset:    496744
elf_dumploadinfo:   sh_size:      108
elf_dumploadinfo:   sh_link:      0
elf_dumploadinfo:   sh_info:      0
elf_dumploadinfo:   sh_addralign: 8
elf_dumploadinfo:   sh_entsize:   0
elf_dumploadinfo: Sections 23:
elf_dumploadinfo:   sh_name:      0000027b
elf_dumploadinfo:   sh_type:      00000001
elf_dumploadinfo:   sh_flags:     00000003
elf_dumploadinfo:   sh_addr:      c0101000
elf_dumploadinfo:   sh_offset:    499712
elf_dumploadinfo:   sh_size:      248
elf_dumploadinfo:   sh_link:      0
elf_dumploadinfo:   sh_info:      0
elf_dumploadinfo:   sh_addralign: 8
elf_dumploadinfo:   sh_entsize:   0
elf_dumploadinfo: Sections 24:
elf_dumploadinfo:   sh_name:      00000281
elf_dumploadinfo:   sh_type:      00000001
elf_dumploadinfo:   sh_flags:     00000003
elf_dumploadinfo:   sh_addr:      c01010f8
elf_dumploadinfo:   sh_offset:    499960
elf_dumploadinfo:   sh_size:      4
elf_dumploadinfo:   sh_link:      0
elf_dumploadinfo:   sh_info:      0
elf_dumploadinfo:   sh_addralign: 4
elf_dumploadinfo:   sh_entsize:   0
elf_dumploadinfo: Sections 25:
elf_dumploadinfo:   sh_name:      0000029a
elf_dumploadinfo:   sh_type:      00000001
elf_dumploadinfo:   sh_flags:     00000003
elf_dumploadinfo:   sh_addr:      c0101100
elf_dumploadinfo:   sh_offset:    499968
elf_dumploadinfo:   sh_size:      8
elf_dumploadinfo:   sh_link:      0
elf_dumploadinfo:   sh_info:      0
elf_dumploadinfo:   sh_addralign: 8
elf_dumploadinfo:   sh_entsize:   0
elf_dumploadinfo: Sections 26:
elf_dumploadinfo:   sh_name:      000002ae
elf_dumploadinfo:   sh_type:      00000001
elf_dumploadinfo:   sh_flags:     00000003
elf_dumploadinfo:   sh_addr:      c0101108
elf_dumploadinfo:   sh_offset:    499976
elf_dumploadinfo:   sh_size:      1
elf_dumploadinfo:   sh_link:      0
elf_dumploadinfo:   sh_info:      0
elf_dumploadinfo:   sh_addralign: 1
elf_dumploadinfo:   sh_entsize:   0
elf_dumploadinfo: Sections 27:
elf_dumploadinfo:   sh_name:      000002c3
elf_dumploadinfo:   sh_type:      00000008
elf_dumploadinfo:   sh_flags:     00000003
elf_dumploadinfo:   sh_addr:      c0101110
elf_dumploadinfo:   sh_offset:    499977
elf_dumploadinfo:   sh_size:      374
elf_dumploadinfo:   sh_link:      0
elf_dumploadinfo:   sh_info:      0
elf_dumploadinfo:   sh_addralign: 8
elf_dumploadinfo:   sh_entsize:   0
elf_dumploadinfo: Sections 28:
elf_dumploadinfo:   sh_name:      000002c8
elf_dumploadinfo:   sh_type:      00000001
elf_dumploadinfo:   sh_flags:     00000030
elf_dumploadinfo:   sh_addr:      00000000
elf_dumploadinfo:   sh_offset:    499977
elf_dumploadinfo:   sh_size:      48
elf_dumploadinfo:   sh_link:      0
elf_dumploadinfo:   sh_info:      0
elf_dumploadinfo:   sh_addralign: 1
elf_dumploadinfo:   sh_entsize:   1
elf_dumploadinfo: Sections 29:
elf_dumploadinfo:   sh_name:      000002d1
elf_dumploadinfo:   sh_type:      70000003
elf_dumploadinfo:   sh_flags:     00000000
elf_dumploadinfo:   sh_addr:      00000000
elf_dumploadinfo:   sh_offset:    500025
elf_dumploadinfo:   sh_size:      57
elf_dumploadinfo:   sh_link:      0
elf_dumploadinfo:   sh_info:      0
elf_dumploadinfo:   sh_addralign: 1
elf_dumploadinfo:   sh_entsize:   0
elf_dumploadinfo: Sections 30:
elf_dumploadinfo:   sh_name:      000002e3
elf_dumploadinfo:   sh_type:      00000001
elf_dumploadinfo:   sh_flags:     00000000
elf_dumploadinfo:   sh_addr:      00000000
elf_dumploadinfo:   sh_offset:    500082
elf_dumploadinfo:   sh_size:      79812
elf_dumploadinfo:   sh_link:      0
elf_dumploadinfo:   sh_info:      0
elf_dumploadinfo:   sh_addralign: 1
elf_dumploadinfo:   sh_entsize:   0
elf_dumploadinfo: Sections 31:
elf_dumploadinfo:   sh_name:      000002f1
elf_dumploadinfo:   sh_type:      00000001
elf_dumploadinfo:   sh_flags:     00000000
elf_dumploadinfo:   sh_addr:      00000000
elf_dumploadinfo:   sh_offset:    579894
elf_dumploadinfo:   sh_size:      988716
elf_dumploadinfo:   sh_link:      0
elf_dumploadinfo:   sh_info:      0
elf_dumploadinfo:   sh_addralign: 1
elf_dumploadinfo:   sh_entsize:   0
elf_dumploadinfo: Sections 32:
elf_dumploadinfo:   sh_name:      000002fd
elf_dumploadinfo:   sh_type:      00000001
elf_dumploadinfo:   sh_flags:     00000000
elf_dumploadinfo:   sh_addr:      00000000
elf_dumploadinfo:   sh_offset:    1568610
elf_dumploadinfo:   sh_size:      945779
elf_dumploadinfo:   sh_link:      0
elf_dumploadinfo:   sh_info:      0
elf_dumploadinfo:   sh_addralign: 1
elf_dumploadinfo:   sh_entsize:   0
elf_dumploadinfo: Sections 33:
elf_dumploadinfo:   sh_name:      00000309
elf_dumploadinfo:   sh_type:      00000001
elf_dumploadinfo:   sh_flags:     00000000
elf_dumploadinfo:   sh_addr:      00000000
elf_dumploadinfo:   sh_offset:    2514389
elf_dumploadinfo:   sh_size:      36688
elf_dumploadinfo:   sh_link:      0
elf_dumploadinfo:   sh_info:      0
elf_dumploadinfo:   sh_addralign: 1
elf_dumploadinfo:   sh_entsize:   0
elf_dumploadinfo: Sections 34:
elf_dumploadinfo:   sh_name:      00000318
elf_dumploadinfo:   sh_type:      00000001
elf_dumploadinfo:   sh_flags:     00000000
elf_dumploadinfo:   sh_addr:      00000000
elf_dumploadinfo:   sh_offset:    2551077
elf_dumploadinfo:   sh_size:      1182715
elf_dumploadinfo:   sh_link:      0
elf_dumploadinfo:   sh_info:      0
elf_dumploadinfo:   sh_addralign: 1
elf_dumploadinfo:   sh_entsize:   0
elf_dumploadinfo: Sections 35:
elf_dumploadinfo:   sh_name:      00000323
elf_dumploadinfo:   sh_type:      00000001
elf_dumploadinfo:   sh_flags:     00000000
elf_dumploadinfo:   sh_addr:      00000000
elf_dumploadinfo:   sh_offset:    3733792
elf_dumploadinfo:   sh_size:      161072
elf_dumploadinfo:   sh_link:      0
elf_dumploadinfo:   sh_info:      0
elf_dumploadinfo:   sh_addralign: 1
elf_dumploadinfo:   sh_entsize:   0
elf_dumploadinfo: Sections 36:
elf_dumploadinfo:   sh_name:      00000331
elf_dumploadinfo:   sh_type:      00000001
elf_dumploadinfo:   sh_flags:     00000030
elf_dumploadinfo:   sh_addr:      00000000
elf_dumploadinfo:   sh_offset:    3894864
elf_dumploadinfo:   sh_size:      97333
elf_dumploadinfo:   sh_link:      0
elf_dumploadinfo:   sh_info:      0
elf_dumploadinfo:   sh_addralign: 1
elf_dumploadinfo:   sh_entsize:   1
elf_dumploadinfo: Sections 37:
elf_dumploadinfo:   sh_name:      0000033c
elf_dumploadinfo:   sh_type:      00000001
elf_dumploadinfo:   sh_flags:     00000000
elf_dumploadinfo:   sh_addr:      00000000
elf_dumploadinfo:   sh_offset:    3992200
elf_dumploadinfo:   sh_size:      93800
elf_dumploadinfo:   sh_link:      0
elf_dumploadinfo:   sh_info:      0
elf_dumploadinfo:   sh_addralign: 8
elf_dumploadinfo:   sh_entsize:   0
elf_dumploadinfo: Sections 38:
elf_dumploadinfo:   sh_name:      00000001
elf_dumploadinfo:   sh_type:      00000002
elf_dumploadinfo:   sh_flags:     00000000
elf_dumploadinfo:   sh_addr:      00000000
elf_dumploadinfo:   sh_offset:    4086000
elf_dumploadinfo:   sh_size:      55488
elf_dumploadinfo:   sh_link:      39
elf_dumploadinfo:   sh_info:      1573
elf_dumploadinfo:   sh_addralign: 8
elf_dumploadinfo:   sh_entsize:   24
elf_dumploadinfo: Sections 39:
elf_dumploadinfo:   sh_name:      00000009
elf_dumploadinfo:   sh_type:      00000003
elf_dumploadinfo:   sh_flags:     00000000
elf_dumploadinfo:   sh_addr:      00000000
elf_dumploadinfo:   sh_offset:    4141488
elf_dumploadinfo:   sh_size:      38078
elf_dumploadinfo:   sh_link:      0
elf_dumploadinfo:   sh_info:      0
elf_dumploadinfo:   sh_addralign: 1
elf_dumploadinfo:   sh_entsize:   0
elf_dumploadinfo: Sections 40:
elf_dumploadinfo:   sh_name:      00000011
elf_dumploadinfo:   sh_type:      00000003
elf_dumploadinfo:   sh_flags:     00000000
elf_dumploadinfo:   sh_addr:      00000000
elf_dumploadinfo:   sh_offset:    4179566
elf_dumploadinfo:   sh_size:      841
elf_dumploadinfo:   sh_link:      0
elf_dumploadinfo:   sh_info:      0
elf_dumploadinfo:   sh_addralign: 1
elf_dumploadinfo:   sh_entsize:   0
mm_free: Freeing 0x802089d0
mm_free: Freeing 0x8020a810
mm_free: Freeing 0x802089b0
load_absmodule: Successfully loaded module /system/bin/qjs
binfmt_dumpmodule: Module:
binfmt_dumpmodule:   entrypt:   0xc000339e
binfmt_dumpmodule:   mapped:    0 size=0
binfmt_dumpmodule:   alloc:     0 0 0
binfmt_dumpmodule:   addrenv:   0x80208a50
binfmt_dumpmodule:   stacksize: 2048
binfmt_dumpmodule:   unload:    0
mm_free: Freeing 0x80208990
mm_free: Freeing 0x80208820
exec_module: Executing qjs
mm_malloc: Allocated 0x80208ad0, size 368
binfmt_copyargv: args=3 argsize=24
mm_malloc: Allocated 0x80208820, size 64
binfmt_copyargv: args=2 argsize=23
mm_malloc: Allocated 0x80208990, size 64
exec_module: Initialize the user heap (heapsize=528384)
mm_initialize: Heap: name=(null), start=0xc0200000 size=528384
mm_addregion: [(null)] Region 1: base=0xc02002a8 size=527696
mm_malloc: Allocated 0x8020a810, size 3088
mm_malloc: Allocated 0x80208c40, size 288
mm_malloc: Allocated 0x802089d0, size 32
mm_malloc: Allocated 0xc02002d0, size 384
mm_malloc: Allocated 0xc0200450, size 32
mm_malloc: Allocated 0xc0200470, size 32
mm_malloc: Allocated 0xc0200490, size 32
mm_malloc: Allocated 0x802089f0, size 32
mm_malloc: Allocated 0x80208d60, size 160
mm_malloc: Allocated 0xc02004b0, size 18448
mm_free: Freeing 0x80208820
mm_free: Freeing 0x80208990
main: expr=console.log(123)
main: &expr=00000000C0101110
main: argv=00000000C0202010
main: expr2=console.log(123)
mm_malloc: Allocated 0xc02004b0, size 32
mm_free: Freeing 0xc02004b0
mm_malloc: Allocated 0xc02004b0, size 592
A 584 -> H+00000.584
mm_malloc: Allocated 0xc0200700, size 1040
A 1024 -> H+00592.1032
mm_malloc: Allocated 0xc0200b10, size 32
A 21 -> H+01632.24
mm_malloc: Allocated 0xc0200b30, size 1696
A 1688 -> H+01664.1688
mm_malloc: Allocated 0xc02011d0, size 32
A 16 -> H+03360.24
mm_malloc: Allocated 0xc02011f0, size 32
A 22 -> H+03392.24
mm_malloc: Allocated 0xc0201210, size 32
A 21 -> H+03424.24
mm_malloc: Allocated 0xc0201230, size 32
A 19 -> H+03456.24
mm_malloc: Allocated 0xc0201250, size 32
A 21 -> H+03488.24
mm_malloc: Allocated 0xc0201270, size 32
A 23 -> H+03520.24
mm_malloc: Allocated 0xc0201290, size 32
A 20 -> H+03552.24
mm_malloc: Allocated 0xc02012b0, size 32
A 21 -> H+03584.24
mm_malloc: Allocated 0xc02012d0, size 32
A 23 -> H+03616.24
mm_malloc: Allocated 0xc02012f0, size 32
A 21 -> H+03648.24
mm_malloc: Allocated 0xc0201310, size 32
A 23 -> H+03680.24
mm_malloc: Allocated 0xc0201330, size 32
A 20 -> H+03712.24
mm_malloc: Allocated 0xc0201350, size 32
A 19 -> H+03744.24
mm_malloc: Allocated 0xc0201370, size 48
A 27 -> H+03776.40
mm_malloc: Allocated 0xc02013a0, size 32
A 19 -> H+03824.24
mm_malloc: Allocated 0xc02013c0, size 32
A 22 -> H+03856.24
mm_malloc: Allocated 0xc02013e0, size 32
A 20 -> H+03888.24
mm_malloc: Allocated 0xc0201400, size 32
A 22 -> H+03920.24
mm_malloc: Allocated 0xc0201420, size 48
A 25 -> H+03952.40
mm_malloc: Allocated 0xc0201450, size 32
A 23 -> H+04000.24
mm_malloc: Allocated 0xc0201470, size 32
A 21 -> H+04032.24
mm_malloc: Allocated 0xc0201490, size 32
A 24 -> H+04064.24
mm_malloc: Allocated 0xc02014b0, size 32
A 22 -> H+04096.24
mm_malloc: Allocated 0xc02014d0, size 32
A 20 -> H+04128.24
mm_malloc: Allocated 0xc02014f0, size 32
A 22 -> H+04160.24
mm_malloc: Allocated 0xc0201510, size 32
A 24 -> H+04192.24
mm_malloc: Allocated 0xc0201530, size 48
A 25 -> H+04224.40
mm_malloc: Allocated 0xc0201560, size 48
A 25 -> H+04272.40
mm_malloc: Allocated 0xc0201590, size 32
A 21 -> H+04320.24
mm_malloc: Allocated 0xc02015b0, size 32
A 22 -> H+04352.24
mm_malloc: Allocated 0xc02015d0, size 32
A 22 -> H+04384.24
mm_malloc: Allocated 0xc02015f0, size 32
A 21 -> H+04416.24
mm_malloc: Allocated 0xc0201610, size 32
A 23 -> H+04448.24
mm_malloc: Allocated 0xc0201630, size 32
A 24 -> H+04480.24
mm_malloc: Allocated 0xc0201650, size 32
A 23 -> H+04512.24
mm_malloc: Allocated 0xc0201670, size 32
A 22 -> H+04544.24
mm_malloc: Allocated 0xc0201690, size 48
A 27 -> H+04576.40
mm_malloc: Allocated 0xc02016c0, size 48
A 26 -> H+04624.40
mm_malloc: Allocated 0xc02016f0, size 32
A 20 -> H+04672.24
mm_malloc: Allocated 0xc0201710, size 32
A 24 -> H+04704.24
mm_malloc: Allocated 0xc0201730, size 32
A 24 -> H+04736.24
mm_malloc: Allocated 0xc0201750, size 48
A 26 -> H+04768.40
mm_malloc: Allocated 0xc0201780, size 32
A 23 -> H+04816.24
mm_malloc: Allocated 0xc02017a0, size 32
A 23 -> H+04848.24
mm_malloc: Allocated 0xc02017c0, size 32
A 22 -> H+04880.24
mm_malloc: Allocated 0xc02017e0, size 32
A 22 -> H+04912.24
mm_malloc: Allocated 0xc0201800, size 32
A 17 -> H+04944.24
mm_malloc: Allocated 0xc0201820, size 32
A 23 -> H+04976.24
mm_malloc: Allocated 0xc0201840, size 48
A 25 -> H+05008.40
mm_malloc: Allocated 0xc0201870, size 48
A 27 -> H+05056.40
mm_malloc: Allocated 0xc02018a0, size 32
A 24 -> H+05104.24
mm_malloc: Allocated 0xc02018c0, size 32
A 22 -> H+05136.24
mm_malloc: Allocated 0xc02018e0, size 32
A 23 -> H+05168.24
mm_malloc: Allocated 0xc0201900, size 32
A 22 -> H+05200.24
mm_malloc: Allocated 0xc0201920, size 32
A 21 -> H+05232.24
mm_malloc: Allocated 0xc0201940, size 48
A 25 -> H+05264.40
mm_malloc: Allocated 0xc0201970, size 48
A 31 -> H+05312.40
mm_malloc: Allocated 0xc02019a0, size 32
A 24 -> H+05360.24
mm_malloc: Allocated 0xc02019c0, size 32
A 21 -> H+05392.24
mm_malloc: Allocated 0xc02019e0, size 48
A 26 -> H+05424.40
mm_malloc: Allocated 0xc0201a10, size 48
A 28 -> H+05472.40
mm_malloc: Allocated 0xc0201a40, size 48
A 29 -> H+05520.40
mm_malloc: Allocated 0xc0201a70, size 48
A 25 -> H+05568.40
mm_malloc: Allocated 0xc0201aa0, size 48
A 27 -> H+05616.40
mm_malloc: Allocated 0xc0201ad0, size 32
A 22 -> H+05664.24
mm_malloc: Allocated 0xc0201af0, size 32
A 20 -> H+05696.24
mm_malloc: Allocated 0xc0201b10, size 32
A 20 -> H+05728.24
mm_malloc: Allocated 0xc0201b30, size 32
A 19 -> H+05760.24
mm_malloc: Allocated 0xc0201b50, size 48
A 26 -> H+05792.40
mm_malloc: Allocated 0xc0201b80, size 48
A 26 -> H+05840.40
mm_malloc: Allocated 0xc0201bb0, size 32
A 23 -> H+05888.24
mm_malloc: Allocated 0xc0201bd0, size 32
A 24 -> H+05920.24
mm_malloc: Allocated 0xc0201bf0, size 32
A 23 -> H+05952.24
mm_malloc: Allocated 0xc0201c10, size 32
A 23 -> H+05984.24
mm_malloc: Allocated 0xc0201c30, size 32
A 23 -> H+06016.24
mm_malloc: Allocated 0xc0201c50, size 32
A 24 -> H+06048.24
mm_malloc: Allocated 0xc0201c70, size 32
A 24 -> H+06080.24
mm_malloc: Allocated 0xc0201c90, size 48
A 26 -> H+06112.40
mm_malloc: Allocated 0xc0201cc0, size 32
A 23 -> H+06160.24
mm_malloc: Allocated 0xc0201ce0, size 32
A 23 -> H+06192.24
mm_malloc: Allocated 0xc0201d00, size 32
A 23 -> H+06224.24
mm_malloc: Allocated 0xc0201d20, size 32
A 22 -> H+06256.24
mm_malloc: Allocated 0xc0201d40, size 32
A 22 -> H+06288.24
mm_malloc: Allocated 0xc0201d60, size 48
A 26 -> H+06320.40
mm_malloc: Allocated 0xc0201d90, size 32
A 23 -> H+06368.24
mm_malloc: Allocated 0xc0201db0, size 48
A 26 -> H+06400.40
mm_malloc: Allocated 0xc0201de0, size 32
A 23 -> H+06448.24
mm_malloc: Allocated 0xc0201e00, size 32
A 22 -> H+06480.24
mm_malloc: Allocated 0xc0201e20, size 32
A 22 -> H+06512.24
mm_malloc: Allocated 0xc0201e40, size 48
A 33 -> H+06544.40
mm_malloc: Allocated 0xc0201e70, size 32
A 22 -> H+06592.24
mm_malloc: Allocated 0xc0201e90, size 32
A 21 -> H+06624.24
mm_malloc: Allocated 0xc0201eb0, size 32
A 23 -> H+06656.24
mm_malloc: Allocated 0xc0201ed0, size 32
A 22 -> H+06688.24
mm_malloc: Allocated 0xc0201ef0, size 48
A 26 -> H+06720.40
mm_malloc: Allocated 0xc0201f20, size 48
A 31 -> H+06768.40
mm_malloc: Allocated 0xc0201f50, size 48
A 31 -> H+06816.40
mm_malloc: Allocated 0xc0201f80, size 48
A 29 -> H+06864.40
mm_malloc: Allocated 0xc0201fb0, size 48
A 34 -> H+06912.40
mm_malloc: Allocated 0xc0201fe0, size 32
A 20 -> H+06960.24
mm_malloc: Allocated 0xc0202810, size 48
A 31 -> H+09056.40
mm_malloc: Allocated 0xc0202840, size 48
A 31 -> H+09104.40
mm_malloc: Allocated 0xc0202870, size 64
A 41 -> H+09152.56
mm_malloc: Allocated 0xc02028b0, size 32
A 24 -> H+09216.24
mm_malloc: Allocated 0xc02028d0, size 32
A 20 -> H+09248.24
mm_malloc: Allocated 0xc02028f0, size 32
A 21 -> H+09280.24
mm_malloc: Allocated 0xc0202910, size 32
A 21 -> H+09312.24
mm_malloc: Allocated 0xc0202930, size 32
A 23 -> H+09344.24
mm_malloc: Allocated 0xc0202950, size 32
A 23 -> H+09376.24
mm_malloc: Allocated 0xc0202970, size 32
A 22 -> H+09408.24
mm_malloc: Allocated 0xc0202990, size 32
A 23 -> H+09440.24
mm_malloc: Allocated 0xc02029b0, size 32
A 24 -> H+09472.24
mm_malloc: Allocated 0xc02029d0, size 32
A 20 -> H+09504.24
mm_malloc: Allocated 0xc02029f0, size 48
A 27 -> H+09536.40
mm_malloc: Allocated 0xc0202a20, size 48
A 33 -> H+09584.40
mm_malloc: Allocated 0xc0202a50, size 48
A 30 -> H+09632.40
mm_malloc: Allocated 0xc0202a80, size 48
A 33 -> H+09680.40
mm_malloc: Allocated 0xc0202ab0, size 48
A 40 -> H+09728.40
mm_malloc: Allocated 0xc0202ae0, size 48
A 36 -> H+09776.40
mm_malloc: Allocated 0xc0202b10, size 32
A 24 -> H+09824.24
mm_malloc: Allocated 0xc0202b30, size 48
A 29 -> H+09856.40
mm_malloc: Allocated 0xc0202b60, size 32
A 19 -> H+09904.24
mm_malloc: Allocated 0xc0202b80, size 32
A 21 -> H+09936.24
mm_malloc: Allocated 0xc0202ba0, size 32
A 21 -> H+09968.24
mm_malloc: Allocated 0xc0202bc0, size 48
A 26 -> H+10000.40
mm_malloc: Allocated 0xc0202bf0, size 32
A 18 -> H+10048.24
mm_malloc: Allocated 0xc0202c10, size 32
A 23 -> H+10080.24
mm_malloc: Allocated 0xc0202c30, size 32
A 21 -> H+10112.24
mm_malloc: Allocated 0xc0202c50, size 32
A 24 -> H+10144.24
mm_malloc: Allocated 0xc0202c70, size 32
A 23 -> H+10176.24
mm_malloc: Allocated 0xc0202c90, size 32
A 24 -> H+10208.24
mm_malloc: Allocated 0xc0202cb0, size 32
A 22 -> H+10240.24
mm_malloc: Allocated 0xc0202cd0, size 32
A 23 -> H+10272.24
mm_malloc: Allocated 0xc0202cf0, size 32
A 22 -> H+10304.24
mm_malloc: Allocated 0xc0202d10, size 32
A 21 -> H+10336.24
mm_malloc: Allocated 0xc0202d30, size 32
A 23 -> H+10368.24
mm_malloc: Allocated 0xc0202d50, size 32
A 24 -> H+10400.24
mm_malloc: Allocated 0xc0202d70, size 32
A 23 -> H+10432.24
mm_malloc: Allocated 0xc0202d90, size 32
A 23 -> H+10464.24
mm_malloc: Allocated 0xc0202db0, size 48
A 27 -> H+10496.40
mm_malloc: Allocated 0xc0202de0, size 32
A 23 -> H+10544.24
mm_malloc: Allocated 0xc0202e00, size 48
A 26 -> H+10576.40
mm_malloc: Allocated 0xc0202e30, size 48
A 26 -> H+10624.40
mm_malloc: Allocated 0xc0202e60, size 32
A 19 -> H+10672.24
mm_malloc: Allocated 0xc0202e80, size 32
A 23 -> H+10704.24
mm_malloc: Allocated 0xc0202ea0, size 32
A 23 -> H+10736.24
mm_malloc: Allocated 0xc0202ec0, size 32
A 22 -> H+10768.24
mm_malloc: Allocated 0xc0202ee0, size 32
A 22 -> H+10800.24
mm_malloc: Allocated 0xc0202f00, size 32
A 23 -> H+10832.24
mm_malloc: Allocated 0xc0202f20, size 32
A 23 -> H+10864.24
mm_malloc: Allocated 0xc0202f40, size 32
A 24 -> H+10896.24
mm_malloc: Allocated 0xc0202f60, size 32
A 23 -> H+10928.24
mm_malloc: Allocated 0xc0202f80, size 48
A 26 -> H+10960.40
mm_malloc: Allocated 0xc0202fb0, size 32
A 21 -> H+11008.24
mm_malloc: Allocated 0xc0202fd0, size 32
A 21 -> H+11040.24
mm_malloc: Allocated 0xc0202ff0, size 32
A 21 -> H+11072.24
mm_malloc: Allocated 0xc0203010, size 48
A 25 -> H+11104.40
mm_malloc: Allocated 0xc0203040, size 48
A 34 -> H+11152.40
mm_malloc: Allocated 0xc0203070, size 48
A 30 -> H+11200.40
mm_malloc: Allocated 0xc02030a0, size 32
A 23 -> H+11248.24
mm_malloc: Allocated 0xc02030c0, size 48
A 28 -> H+11280.40
mm_malloc: Allocated 0xc02030f0, size 48
A 34 -> H+11328.40
mm_malloc: Allocated 0xc0203120, size 48
A 34 -> H+11376.40
mm_malloc: Allocated 0xc0203150, size 48
A 26 -> H+11424.40
mm_malloc: Allocated 0xc0203180, size 48
A 27 -> H+11472.40
mm_malloc: Allocated 0xc02031b0, size 48
A 27 -> H+11520.40
mm_malloc: Allocated 0xc02031e0, size 48
A 28 -> H+11568.40
mm_malloc: Allocated 0xc0203210, size 48
A 27 -> H+11616.40
mm_malloc: Allocated 0xc0203240, size 48
A 28 -> H+11664.40
mm_malloc: Allocated 0xc0203270, size 48
A 30 -> H+11712.40
mm_malloc: Allocated 0xc02032a0, size 48
A 31 -> H+11760.40
mm_malloc: Allocated 0xc02032d0, size 48
A 29 -> H+11808.40
mm_malloc: Allocated 0xc0203300, size 48
A 29 -> H+11856.40
mm_malloc: Allocated 0xc0203330, size 48
A 25 -> H+11904.40
mm_malloc: Allocated 0xc0203360, size 32
A 23 -> H+11952.24
mm_malloc: Allocated 0xc0203380, size 32
A 20 -> H+11984.24
mm_malloc: Allocated 0xc02033a0, size 32
A 20 -> H+12016.24
mm_malloc: Allocated 0xc02033c0, size 32
A 24 -> H+12048.24
mm_malloc: Allocated 0xc02033e0, size 32
A 24 -> H+12080.24
mm_malloc: Allocated 0xc0203400, size 48
A 29 -> H+12112.40
mm_malloc: Allocated 0xc0203430, size 48
A 29 -> H+12160.40
mm_malloc: Allocated 0xc0203460, size 48
A 31 -> H+12208.40
mm_malloc: Allocated 0xc0203490, size 48
A 32 -> H+12256.40
mm_malloc: Allocated 0xc02034c0, size 48
A 39 -> H+12304.40
mm_malloc: Allocated 0xc02034f0, size 48
A 26 -> H+12352.40
mm_malloc: Allocated 0xc0203520, size 32
A 22 -> H+12400.24
mm_malloc: Allocated 0xc0203540, size 32
A 24 -> H+12432.24
mm_malloc: Allocated 0xc0203560, size 48
A 39 -> H+12464.40
mm_malloc: Allocated 0xc0203590, size 48
A 38 -> H+12512.40
mm_malloc: Allocated 0xc02035c0, size 48
A 30 -> H+12560.40
mm_malloc: Allocated 0xc02035f0, size 48
A 37 -> H+12608.40
mm_malloc: Allocated 0xc0203620, size 48
A 36 -> H+12656.40
mm_malloc: Allocated 0xc0203650, size 48
A 39 -> H+12704.40
mm_malloc: Allocated 0xc0203680, size 48
A 31 -> H+12752.40
mm_malloc: Allocated 0xc02036b0, size 48
A 26 -> H+12800.40
mm_malloc: Allocated 0xc02036e0, size 48
A 27 -> H+12848.40
mm_malloc: Allocated 0xc0203710, size 48
A 31 -> H+12896.40
mm_malloc: Allocated 0xc0203740, size 48
A 28 -> H+12944.40
mm_malloc: Allocated 0xc0203770, size 48
A 26 -> H+12992.40
mm_malloc: Allocated 0xc02037a0, size 48
A 25 -> H+13040.40
mm_malloc: Allocated 0xc02037d0, size 48
A 30 -> H+13088.40
mm_malloc: Allocated 0xc0203800, size 32
A 24 -> H+13136.24
mm_malloc: Allocated 0xc0203820, size 48
A 35 -> H+13168.40
mm_malloc: Allocated 0xc0203850, size 48
A 32 -> H+13216.40
mm_malloc: Allocated 0xc0203880, size 48
A 29 -> H+13264.40
mm_malloc: Allocated 0xc02038b0, size 48
A 32 -> H+13312.40
mm_malloc: Allocated 0xc02038e0, size 48
A 31 -> H+13360.40
mm_malloc: Allocated 0xc0203910, size 48
A 30 -> H+13408.40
mm_malloc: Allocated 0xc0203940, size 48
A 29 -> H+13456.40
mm_malloc: Allocated 0xc0203970, size 48
A 35 -> H+13504.40
mm_malloc: Allocated 0xc02039a0, size 64
A 42 -> H+13552.56
R 2528 H+01664.1688mm_malloc: Allocated 0xc02039e0, size 2544
mm_free: Freeing 0xc0200b30
 -> H+13616.2536
mm_malloc: Allocated 0xc0200b30, size 48
A 35 -> H+01664.40
mm_malloc: Allocated 0xc0200b60, size 48
A 31 -> H+01712.40
mm_malloc: Allocated 0xc0200b90, size 48
A 35 -> H+01760.40
mm_malloc: Allocated 0xc0200bc0, size 48
A 37 -> H+01808.40
mm_malloc: Allocated 0xc02043d0, size 2176
A 2160 -> H+16160.2168
mm_malloc: Allocated 0xc0200bf0, size 144
A 128 -> H+01856.136
main: expr3=console.log(123)
main: expr4=console.log(123)
main: expr5=console.log(123)
main: expr6=console.log(123)
main: expr7=console.log(123)
mm_malloc: Allocated 0xc0200c80, size 96
main: expr8=console.log(123)
JS_NewCustomContext: a=console.log(123)
mm_malloc: Allocated 0xc0200ce0, size 464
A 456 -> H+02096.456
mm_malloc: Allocated 0xc0204c50, size 880
A 864 -> H+18336.872
JS_NewObjectProtoClass: a=console.log(123)
JS_NewObjectProtoClass: b=console.log(123)
JS_NewObjectProtoClass: c=console.log(123)
JS_NewObjectProtoClass: f=console.log(123)
js_new_shape2: a=console.log(123)
js_new_shape2: b=console.log(123)
js_malloc: a=console.log(123)
mm_malloc: Allocated 0xc0200eb0, size 112
A 96 -> H+02560.104
js_malloc: b=console.log(123)
js_malloc: d=console.log(123)
js_new_shape2: c=console.log(123)
js_new_shape2: d=console.log(123)
js_new_shape2: e=console.log(123)
js_new_shape2: f=console.log(123)
js_new_shape2: g=console.log(123)
js_new_shape2: h=console.log(123)
js_new_shape2: i=console.log(123)
JS_NewObjectProtoClass: g=console.log(123)
JS_NewObjectProtoClass: h=console.log(123)
js_malloc: a=console.log(123)
mm_malloc: Allocated 0xc0200f20, size 80
A 72 -> H+02672.72
js_malloc: b=console.log(123)
js_malloc: d=console.log(123)
js_malloc: a=console.log(123)
mm_malloc: Allocated 0xc0200f70, size 48
A 32 -> H+02752.40
js_malloc: b=console.log(123)
js_malloc: d=console.log(123)
JS_NewCFunction3: 0=console.log(123)
JS_NewObjectProtoClass: a=console.log(123)
JS_NewObjectProtoClass: b=console.log(123)
JS_NewObjectProtoClass: c=console.log(123)
JS_NewObjectProtoClass: f=console.log(123)
js_new_shape2: a=console.log(123)
js_new_shape2: b=console.log(123)
js_malloc: a=console.log(123)
mm_malloc: Allocated 0xc0200fa0, size 112
A 96 -> H+02800.104
js_malloc: b=console.log(123)
js_malloc: d=console.log(123)
js_new_shape2: c=console.log(123)
js_new_shape2: d=console.log(123)
js_new_shape2: e=console.log(123)
js_new_shape2: f=console.log(123)
js_new_shape2: g=console.log(123)
js_new_shape2: h=console.log(123)
js_new_shape2: i=console.log(123)
JS_NewObjectProtoClass: g=console.log(123)
JS_NewObjectProtoClass: h=console.log(123)
js_malloc: a=console.log(123)
mm_malloc: Allocated 0xc0201010, size 80
A 72 -> H+02912.72
js_malloc: b=console.log(123)
js_malloc: d=console.log(123)
js_malloc: a=console.log(123)
mm_malloc: Allocated 0xc0201060, size 48
A 32 -> H+02992.40
js_malloc: b=console.log(123)
js_malloc: d=console.log(123)
JS_NewCFunction3: 1=console.log(123)
JS_NewCFunction3: 2=console.log(123)
JS_NewCFunction3: 3=console.log(123)
JS_NewCFunction3: 4=console.log(123)
JS_NewCFunction3: a=console.log(123)
__JS_FindAtom: 
JS_NewCFunction3: b=console.log(123)
js_function_set_properties: a=console.log(123)
JS_DefinePropertyValue: a=console.log(123)
JS_DefineProperty: a=console.log(123)
JS_DefineProperty: c=console.log(123)
JS_DefineProperty: d=console.log(123)
JS_DefineProperty: e=console.log(123)
JS_DefineProperty: f=console.log(123)
JS_DefineProperty: g=console.log(123)
JS_DefineProperty: h=console.log(123)
JS_CreateProperty: a=console.log(123)
JS_CreateProperty: b=console.log(123)
JS_CreateProperty: c=console.log(123)
JS_CreateProperty: d=console.log(123)
add_property: 0=console.log(123)
add_property: a=console.log(123)
add_property: b=console.log(123)
add_property: c=console.log(123)
add_property: j=console.log(123)
add_property: k=console.log(123)
JS_CreateProperty: e=console.log(123)
JS_CreateProperty: f=console.log(123)
JS_CreateProperty: g=console.log(123)
JS_DefinePropertyValue: b=console.log(123)
JS_DefinePropertyValue: c=console.log(123)
js_function_set_properties: b=console.log(123)
JS_DefinePropertyValue: a=console.log(123)
JS_DefineProperty: a=console.log(123)
JS_DefineProperty: c=console.log(123)
JS_DefineProperty: d=console.log(123)
JS_DefineProperty: e=console.log(123)
JS_DefineProperty: f=console.log(123)
JS_DefineProperty: g=console.log(123)
JS_DefineProperty: h=console.log(123)
JS_CreateProperty: a=console.log(123)
JS_CreateProperty: b=console.log(123)
JS_CreateProperty: c=console.log(123)
JS_CreateProperty: d=console.log(123)
add_property: 0=console.log(123)
add_property: a=console.log(123)
add_property: b=console.log(123)
add_property: c=console.log(123)
add_property: j=console.log(123)
add_property: k=console.log(123)
JS_CreateProperty: e=console.log(123)
JS_CreateProperty: f=console.log(123)
JS_CreateProperty: g=console.log(123)
JS_DefinePropertyValue: b=console.log(123)
JS_DefinePropertyValue: c=console.log(123)
js_function_set_properties: c=console.log(123)
JS_NewCFunction3: c=console.log(123)
JS_NewCFunction3: d=console.log(123)
JS_NewObjectProtoClass: a=console.log(123)
JS_NewObjectProtoClass: b=console.log(123)
JS_NewObjectProtoClass: c=console.log(123)
JS_NewObjectProtoClass: f=console.log(123)
js_new_shape2: a=console.log(123)
js_new_shape2: b=console.log(123)
js_malloc: a=console.log(123)
mm_malloc: Allocated 0xc0201090, size 112
